{"/Users/rajatkulkarni/Documents/projects/octarine-extension/src/utils/compression.ts": {"path":"/Users/rajatkulkarni/Documents/projects/octarine-extension/src/utils/compression.ts","all":false,"statementMap":{"0":{"start":{"line":1,"column":0},"end":{"line":1,"column":33}},"6":{"start":{"line":7,"column":0},"end":{"line":7,"column":56}},"7":{"start":{"line":8,"column":0},"end":{"line":8,"column":41}},"8":{"start":{"line":9,"column":0},"end":{"line":9,"column":1}},"13":{"start":{"line":14,"column":0},"end":{"line":14,"column":73}},"14":{"start":{"line":15,"column":0},"end":{"line":15,"column":51}},"15":{"start":{"line":16,"column":0},"end":{"line":16,"column":1}},"21":{"start":{"line":22,"column":0},"end":{"line":22,"column":60}},"22":{"start":{"line":23,"column":0},"end":{"line":23,"column":54}},"23":{"start":{"line":24,"column":0},"end":{"line":24,"column":1}},"28":{"start":{"line":29,"column":0},"end":{"line":29,"column":77}},"29":{"start":{"line":30,"column":0},"end":{"line":30,"column":64}},"30":{"start":{"line":31,"column":0},"end":{"line":31,"column":1}},"35":{"start":{"line":36,"column":0},"end":{"line":36,"column":57}},"36":{"start":{"line":37,"column":0},"end":{"line":37,"column":40}},"37":{"start":{"line":38,"column":0},"end":{"line":38,"column":1}},"42":{"start":{"line":43,"column":0},"end":{"line":43,"column":74}},"43":{"start":{"line":44,"column":0},"end":{"line":44,"column":50}},"44":{"start":{"line":45,"column":0},"end":{"line":45,"column":1}}},"s":{"0":1,"6":1,"7":7,"8":7,"13":1,"14":7,"15":7,"21":1,"22":3,"23":3,"28":1,"29":2,"30":2,"35":1,"36":2,"37":2,"42":1,"43":2,"44":2},"branchMap":{"0":{"type":"branch","line":7,"loc":{"start":{"line":7,"column":7},"end":{"line":9,"column":1}},"locations":[{"start":{"line":7,"column":7},"end":{"line":9,"column":1}}]},"1":{"type":"branch","line":14,"loc":{"start":{"line":14,"column":7},"end":{"line":16,"column":1}},"locations":[{"start":{"line":14,"column":7},"end":{"line":16,"column":1}}]},"2":{"type":"branch","line":22,"loc":{"start":{"line":22,"column":7},"end":{"line":24,"column":1}},"locations":[{"start":{"line":22,"column":7},"end":{"line":24,"column":1}}]},"3":{"type":"branch","line":29,"loc":{"start":{"line":29,"column":7},"end":{"line":31,"column":1}},"locations":[{"start":{"line":29,"column":7},"end":{"line":31,"column":1}}]},"4":{"type":"branch","line":36,"loc":{"start":{"line":36,"column":7},"end":{"line":38,"column":1}},"locations":[{"start":{"line":36,"column":7},"end":{"line":38,"column":1}}]},"5":{"type":"branch","line":43,"loc":{"start":{"line":43,"column":7},"end":{"line":45,"column":1}},"locations":[{"start":{"line":43,"column":7},"end":{"line":45,"column":1}}]}},"b":{"0":[7],"1":[7],"2":[3],"3":[2],"4":[2],"5":[2]},"fnMap":{"0":{"name":"compressToBase64","decl":{"start":{"line":7,"column":7},"end":{"line":9,"column":1}},"loc":{"start":{"line":7,"column":7},"end":{"line":9,"column":1}},"line":7},"1":{"name":"decompressFromBase64","decl":{"start":{"line":14,"column":7},"end":{"line":16,"column":1}},"loc":{"start":{"line":14,"column":7},"end":{"line":16,"column":1}},"line":14},"2":{"name":"compressToEncodedURI","decl":{"start":{"line":22,"column":7},"end":{"line":24,"column":1}},"loc":{"start":{"line":22,"column":7},"end":{"line":24,"column":1}},"line":22},"3":{"name":"decompressFromEncodedURI","decl":{"start":{"line":29,"column":7},"end":{"line":31,"column":1}},"loc":{"start":{"line":29,"column":7},"end":{"line":31,"column":1}},"line":29},"4":{"name":"compressToStorage","decl":{"start":{"line":36,"column":7},"end":{"line":38,"column":1}},"loc":{"start":{"line":36,"column":7},"end":{"line":38,"column":1}},"line":36},"5":{"name":"decompressFromStorage","decl":{"start":{"line":43,"column":7},"end":{"line":45,"column":1}},"loc":{"start":{"line":43,"column":7},"end":{"line":45,"column":1}},"line":43}},"f":{"0":7,"1":7,"2":3,"3":2,"4":2,"5":2}}
,"/Users/rajatkulkarni/Documents/projects/octarine-extension/src/utils/deeplink.ts": {"path":"/Users/rajatkulkarni/Documents/projects/octarine-extension/src/utils/deeplink.ts","all":false,"statementMap":{"0":{"start":{"line":1,"column":0},"end":{"line":1,"column":33}},"6":{"start":{"line":7,"column":0},"end":{"line":7,"column":60}},"7":{"start":{"line":8,"column":0},"end":{"line":8,"column":50}},"8":{"start":{"line":9,"column":0},"end":{"line":9,"column":30}},"9":{"start":{"line":10,"column":0},"end":{"line":10,"column":1}},"16":{"start":{"line":17,"column":0},"end":{"line":17,"column":60}},"17":{"start":{"line":18,"column":0},"end":{"line":18,"column":17}},"18":{"start":{"line":19,"column":0},"end":{"line":19,"column":63}},"19":{"start":{"line":20,"column":0},"end":{"line":20,"column":79}},"20":{"start":{"line":21,"column":0},"end":{"line":21,"column":72}},"21":{"start":{"line":22,"column":0},"end":{"line":22,"column":50}},"22":{"start":{"line":23,"column":0},"end":{"line":23,"column":1}},"27":{"start":{"line":28,"column":0},"end":{"line":28,"column":58}},"28":{"start":{"line":29,"column":0},"end":{"line":29,"column":44}},"29":{"start":{"line":30,"column":0},"end":{"line":30,"column":1}},"34":{"start":{"line":35,"column":0},"end":{"line":35,"column":70}},"35":{"start":{"line":36,"column":0},"end":{"line":36,"column":51}},"36":{"start":{"line":37,"column":0},"end":{"line":37,"column":1}},"52":{"start":{"line":53,"column":0},"end":{"line":53,"column":72}},"53":{"start":{"line":54,"column":0},"end":{"line":54,"column":86}},"55":{"start":{"line":56,"column":0},"end":{"line":56,"column":39}},"56":{"start":{"line":57,"column":0},"end":{"line":57,"column":27}},"58":{"start":{"line":59,"column":0},"end":{"line":59,"column":16}},"60":{"start":{"line":61,"column":0},"end":{"line":61,"column":48}},"61":{"start":{"line":62,"column":0},"end":{"line":62,"column":48}},"62":{"start":{"line":63,"column":0},"end":{"line":63,"column":3}},"64":{"start":{"line":65,"column":0},"end":{"line":65,"column":52}},"65":{"start":{"line":66,"column":0},"end":{"line":66,"column":41}},"66":{"start":{"line":67,"column":0},"end":{"line":67,"column":49}},"67":{"start":{"line":68,"column":0},"end":{"line":68,"column":52}},"68":{"start":{"line":69,"column":0},"end":{"line":69,"column":74}},"70":{"start":{"line":71,"column":0},"end":{"line":71,"column":50}},"71":{"start":{"line":72,"column":0},"end":{"line":72,"column":1}},"76":{"start":{"line":77,"column":0},"end":{"line":77,"column":76}},"77":{"start":{"line":78,"column":0},"end":{"line":78,"column":39}},"78":{"start":{"line":79,"column":0},"end":{"line":79,"column":27}},"79":{"start":{"line":80,"column":0},"end":{"line":80,"column":52}},"81":{"start":{"line":82,"column":0},"end":{"line":82,"column":48}},"82":{"start":{"line":83,"column":0},"end":{"line":83,"column":1}},"87":{"start":{"line":88,"column":0},"end":{"line":88,"column":44}},"94":{"start":{"line":95,"column":0},"end":{"line":95,"column":12}},"95":{"start":{"line":96,"column":0},"end":{"line":96,"column":75}},"97":{"start":{"line":98,"column":0},"end":{"line":98,"column":39}},"98":{"start":{"line":99,"column":0},"end":{"line":99,"column":27}},"100":{"start":{"line":101,"column":0},"end":{"line":101,"column":16}},"101":{"start":{"line":102,"column":0},"end":{"line":102,"column":48}},"102":{"start":{"line":103,"column":0},"end":{"line":103,"column":48}},"103":{"start":{"line":104,"column":0},"end":{"line":104,"column":3}},"105":{"start":{"line":106,"column":0},"end":{"line":106,"column":52}},"106":{"start":{"line":107,"column":0},"end":{"line":107,"column":41}},"107":{"start":{"line":108,"column":0},"end":{"line":108,"column":49}},"108":{"start":{"line":109,"column":0},"end":{"line":109,"column":74}},"110":{"start":{"line":111,"column":0},"end":{"line":111,"column":49}},"111":{"start":{"line":112,"column":0},"end":{"line":112,"column":1}},"116":{"start":{"line":117,"column":0},"end":{"line":117,"column":48}},"117":{"start":{"line":118,"column":0},"end":{"line":118,"column":12}},"118":{"start":{"line":119,"column":0},"end":{"line":119,"column":27}},"119":{"start":{"line":120,"column":0},"end":{"line":120,"column":25}},"120":{"start":{"line":121,"column":0},"end":{"line":121,"column":26}},"121":{"start":{"line":122,"column":0},"end":{"line":122,"column":26}},"122":{"start":{"line":123,"column":0},"end":{"line":123,"column":27}},"123":{"start":{"line":124,"column":0},"end":{"line":124,"column":1}},"130":{"start":{"line":131,"column":0},"end":{"line":131,"column":107}},"131":{"start":{"line":132,"column":0},"end":{"line":132,"column":34}},"134":{"start":{"line":135,"column":0},"end":{"line":135,"column":56}},"135":{"start":{"line":136,"column":0},"end":{"line":136,"column":72}},"137":{"start":{"line":138,"column":0},"end":{"line":138,"column":31}},"139":{"start":{"line":140,"column":0},"end":{"line":140,"column":29}},"140":{"start":{"line":141,"column":0},"end":{"line":141,"column":89}},"141":{"start":{"line":142,"column":0},"end":{"line":142,"column":7}},"142":{"start":{"line":143,"column":0},"end":{"line":143,"column":12}},"144":{"start":{"line":145,"column":0},"end":{"line":145,"column":57}},"145":{"start":{"line":146,"column":0},"end":{"line":146,"column":5}},"146":{"start":{"line":147,"column":0},"end":{"line":147,"column":3}},"148":{"start":{"line":149,"column":0},"end":{"line":149,"column":20}},"149":{"start":{"line":150,"column":0},"end":{"line":150,"column":26}},"150":{"start":{"line":151,"column":0},"end":{"line":151,"column":1}},"155":{"start":{"line":156,"column":0},"end":{"line":156,"column":65}},"156":{"start":{"line":157,"column":0},"end":{"line":157,"column":29}},"159":{"start":{"line":160,"column":0},"end":{"line":160,"column":25}},"160":{"start":{"line":161,"column":0},"end":{"line":161,"column":51}},"161":{"start":{"line":162,"column":0},"end":{"line":162,"column":19}},"162":{"start":{"line":163,"column":0},"end":{"line":163,"column":3}},"165":{"start":{"line":166,"column":0},"end":{"line":166,"column":35}},"166":{"start":{"line":167,"column":0},"end":{"line":167,"column":17}},"169":{"start":{"line":170,"column":0},"end":{"line":170,"column":60}},"171":{"start":{"line":172,"column":0},"end":{"line":172,"column":32}},"172":{"start":{"line":173,"column":0},"end":{"line":173,"column":19}},"173":{"start":{"line":174,"column":0},"end":{"line":174,"column":32}},"174":{"start":{"line":175,"column":0},"end":{"line":175,"column":10}},"176":{"start":{"line":177,"column":0},"end":{"line":177,"column":32}},"177":{"start":{"line":178,"column":0},"end":{"line":178,"column":3}},"179":{"start":{"line":180,"column":0},"end":{"line":180,"column":26}},"180":{"start":{"line":181,"column":0},"end":{"line":181,"column":1}},"185":{"start":{"line":186,"column":0},"end":{"line":186,"column":33}},"186":{"start":{"line":187,"column":0},"end":{"line":187,"column":23}},"187":{"start":{"line":188,"column":0},"end":{"line":188,"column":12}},"193":{"start":{"line":194,"column":0},"end":{"line":194,"column":8}},"194":{"start":{"line":195,"column":0},"end":{"line":195,"column":11}},"195":{"start":{"line":196,"column":0},"end":{"line":196,"column":104}},"198":{"start":{"line":199,"column":0},"end":{"line":199,"column":37}},"199":{"start":{"line":200,"column":0},"end":{"line":200,"column":32}},"200":{"start":{"line":201,"column":0},"end":{"line":201,"column":38}},"202":{"start":{"line":203,"column":0},"end":{"line":203,"column":50}},"203":{"start":{"line":204,"column":0},"end":{"line":204,"column":45}},"205":{"start":{"line":206,"column":0},"end":{"line":206,"column":29}},"206":{"start":{"line":207,"column":0},"end":{"line":207,"column":9}},"207":{"start":{"line":208,"column":0},"end":{"line":208,"column":12}},"208":{"start":{"line":209,"column":0},"end":{"line":209,"column":14}},"209":{"start":{"line":210,"column":0},"end":{"line":210,"column":14}},"210":{"start":{"line":211,"column":0},"end":{"line":211,"column":10}},"211":{"start":{"line":212,"column":0},"end":{"line":212,"column":5}},"212":{"start":{"line":213,"column":0},"end":{"line":213,"column":1}},"217":{"start":{"line":218,"column":0},"end":{"line":218,"column":50}},"221":{"start":{"line":222,"column":0},"end":{"line":222,"column":3}},"222":{"start":{"line":223,"column":0},"end":{"line":223,"column":46}},"224":{"start":{"line":225,"column":0},"end":{"line":225,"column":10}},"225":{"start":{"line":226,"column":0},"end":{"line":226,"column":29}},"226":{"start":{"line":227,"column":0},"end":{"line":227,"column":34}},"227":{"start":{"line":228,"column":0},"end":{"line":228,"column":46}},"228":{"start":{"line":229,"column":0},"end":{"line":229,"column":4}},"229":{"start":{"line":230,"column":0},"end":{"line":230,"column":1}},"234":{"start":{"line":235,"column":0},"end":{"line":235,"column":49}},"235":{"start":{"line":236,"column":0},"end":{"line":236,"column":29}},"236":{"start":{"line":237,"column":0},"end":{"line":237,"column":1}}},"s":{"0":1,"6":1,"7":17,"8":17,"9":17,"16":1,"17":20,"18":20,"19":20,"20":20,"21":20,"22":20,"27":1,"28":15,"29":15,"34":1,"35":2,"36":2,"52":1,"53":16,"55":16,"56":16,"58":16,"60":8,"61":8,"62":8,"64":16,"65":16,"66":16,"67":16,"68":16,"70":16,"71":16,"76":1,"77":2,"78":2,"79":2,"81":2,"82":2,"87":1,"94":3,"95":3,"97":3,"98":3,"100":3,"101":2,"102":2,"103":2,"105":3,"106":3,"107":3,"108":3,"110":3,"111":3,"116":9,"117":9,"118":9,"119":9,"120":9,"121":9,"122":9,"123":9,"130":4,"131":4,"134":4,"135":9,"137":9,"139":1,"140":1,"141":1,"142":9,"144":6,"145":6,"146":9,"148":4,"149":4,"150":4,"155":1,"156":12,"159":12,"160":4,"161":4,"162":4,"165":12,"166":12,"169":12,"171":1,"172":1,"173":1,"174":12,"176":11,"177":11,"179":12,"180":12,"185":1,"186":6,"187":6,"193":6,"194":6,"195":6,"198":6,"199":1,"200":5,"202":6,"203":6,"205":6,"206":6,"207":6,"208":6,"209":6,"210":6,"211":6,"212":6,"217":1,"221":3,"222":3,"224":3,"225":3,"226":3,"227":3,"228":3,"229":3,"234":1,"235":0,"236":0},"branchMap":{"0":{"type":"branch","line":7,"loc":{"start":{"line":7,"column":7},"end":{"line":10,"column":1}},"locations":[{"start":{"line":7,"column":7},"end":{"line":10,"column":1}}]},"1":{"type":"branch","line":17,"loc":{"start":{"line":17,"column":7},"end":{"line":23,"column":1}},"locations":[{"start":{"line":17,"column":7},"end":{"line":23,"column":1}}]},"2":{"type":"branch","line":28,"loc":{"start":{"line":28,"column":7},"end":{"line":30,"column":1}},"locations":[{"start":{"line":28,"column":7},"end":{"line":30,"column":1}}]},"3":{"type":"branch","line":35,"loc":{"start":{"line":35,"column":7},"end":{"line":37,"column":1}},"locations":[{"start":{"line":35,"column":7},"end":{"line":37,"column":1}}]},"4":{"type":"branch","line":53,"loc":{"start":{"line":53,"column":7},"end":{"line":72,"column":1}},"locations":[{"start":{"line":53,"column":7},"end":{"line":72,"column":1}}]},"5":{"type":"branch","line":59,"loc":{"start":{"line":59,"column":15},"end":{"line":63,"column":3}},"locations":[{"start":{"line":59,"column":15},"end":{"line":63,"column":3}}]},"6":{"type":"branch","line":65,"loc":{"start":{"line":65,"column":17},"end":{"line":65,"column":52}},"locations":[{"start":{"line":65,"column":17},"end":{"line":65,"column":52}}]},"7":{"type":"branch","line":66,"loc":{"start":{"line":66,"column":13},"end":{"line":66,"column":41}},"locations":[{"start":{"line":66,"column":13},"end":{"line":66,"column":41}}]},"8":{"type":"branch","line":67,"loc":{"start":{"line":67,"column":16},"end":{"line":67,"column":49}},"locations":[{"start":{"line":67,"column":16},"end":{"line":67,"column":49}}]},"9":{"type":"branch","line":68,"loc":{"start":{"line":68,"column":17},"end":{"line":68,"column":52}},"locations":[{"start":{"line":68,"column":17},"end":{"line":68,"column":52}}]},"10":{"type":"branch","line":69,"loc":{"start":{"line":69,"column":31},"end":{"line":69,"column":74}},"locations":[{"start":{"line":69,"column":31},"end":{"line":69,"column":74}}]},"11":{"type":"branch","line":77,"loc":{"start":{"line":77,"column":7},"end":{"line":83,"column":1}},"locations":[{"start":{"line":77,"column":7},"end":{"line":83,"column":1}}]},"12":{"type":"branch","line":80,"loc":{"start":{"line":80,"column":17},"end":{"line":80,"column":52}},"locations":[{"start":{"line":80,"column":17},"end":{"line":80,"column":52}}]},"13":{"type":"branch","line":88,"loc":{"start":{"line":88,"column":7},"end":{"line":112,"column":1}},"locations":[{"start":{"line":88,"column":7},"end":{"line":112,"column":1}}]},"14":{"type":"branch","line":101,"loc":{"start":{"line":101,"column":15},"end":{"line":104,"column":3}},"locations":[{"start":{"line":101,"column":15},"end":{"line":104,"column":3}}]},"15":{"type":"branch","line":106,"loc":{"start":{"line":106,"column":17},"end":{"line":106,"column":52}},"locations":[{"start":{"line":106,"column":17},"end":{"line":106,"column":52}}]},"16":{"type":"branch","line":107,"loc":{"start":{"line":107,"column":13},"end":{"line":107,"column":41}},"locations":[{"start":{"line":107,"column":13},"end":{"line":107,"column":41}}]},"17":{"type":"branch","line":108,"loc":{"start":{"line":108,"column":16},"end":{"line":108,"column":49}},"locations":[{"start":{"line":108,"column":16},"end":{"line":108,"column":49}}]},"18":{"type":"branch","line":109,"loc":{"start":{"line":109,"column":31},"end":{"line":109,"column":74}},"locations":[{"start":{"line":109,"column":31},"end":{"line":109,"column":74}}]},"19":{"type":"branch","line":117,"loc":{"start":{"line":117,"column":0},"end":{"line":124,"column":1}},"locations":[{"start":{"line":117,"column":0},"end":{"line":124,"column":1}}]},"20":{"type":"branch","line":131,"loc":{"start":{"line":131,"column":0},"end":{"line":151,"column":1}},"locations":[{"start":{"line":131,"column":0},"end":{"line":151,"column":1}}]},"21":{"type":"branch","line":135,"loc":{"start":{"line":135,"column":55},"end":{"line":147,"column":3}},"locations":[{"start":{"line":135,"column":55},"end":{"line":147,"column":3}}]},"22":{"type":"branch","line":136,"loc":{"start":{"line":136,"column":18},"end":{"line":136,"column":49}},"locations":[{"start":{"line":136,"column":18},"end":{"line":136,"column":49}}]},"23":{"type":"branch","line":136,"loc":{"start":{"line":136,"column":41},"end":{"line":136,"column":63}},"locations":[{"start":{"line":136,"column":41},"end":{"line":136,"column":63}}]},"24":{"type":"branch","line":136,"loc":{"start":{"line":136,"column":63},"end":{"line":136,"column":72}},"locations":[{"start":{"line":136,"column":63},"end":{"line":136,"column":72}}]},"25":{"type":"branch","line":136,"loc":{"start":{"line":136,"column":63},"end":{"line":138,"column":30}},"locations":[{"start":{"line":136,"column":63},"end":{"line":138,"column":30}}]},"26":{"type":"branch","line":138,"loc":{"start":{"line":138,"column":30},"end":{"line":143,"column":11}},"locations":[{"start":{"line":138,"column":30},"end":{"line":143,"column":11}}]},"27":{"type":"branch","line":143,"loc":{"start":{"line":143,"column":4},"end":{"line":146,"column":5}},"locations":[{"start":{"line":143,"column":4},"end":{"line":146,"column":5}}]},"28":{"type":"branch","line":141,"loc":{"start":{"line":141,"column":41},"end":{"line":141,"column":72}},"locations":[{"start":{"line":141,"column":41},"end":{"line":141,"column":72}}]},"29":{"type":"branch","line":156,"loc":{"start":{"line":156,"column":7},"end":{"line":181,"column":1}},"locations":[{"start":{"line":156,"column":7},"end":{"line":181,"column":1}}]},"30":{"type":"branch","line":160,"loc":{"start":{"line":160,"column":24},"end":{"line":163,"column":3}},"locations":[{"start":{"line":160,"column":24},"end":{"line":163,"column":3}}]},"31":{"type":"branch","line":170,"loc":{"start":{"line":170,"column":14},"end":{"line":170,"column":59}},"locations":[{"start":{"line":170,"column":14},"end":{"line":170,"column":59}}]},"32":{"type":"branch","line":170,"loc":{"start":{"line":170,"column":59},"end":{"line":175,"column":9}},"locations":[{"start":{"line":170,"column":59},"end":{"line":175,"column":9}}]},"33":{"type":"branch","line":175,"loc":{"start":{"line":175,"column":2},"end":{"line":178,"column":3}},"locations":[{"start":{"line":175,"column":2},"end":{"line":178,"column":3}}]},"34":{"type":"branch","line":186,"loc":{"start":{"line":186,"column":7},"end":{"line":213,"column":1}},"locations":[{"start":{"line":186,"column":7},"end":{"line":213,"column":1}}]},"35":{"type":"branch","line":199,"loc":{"start":{"line":199,"column":28},"end":{"line":200,"column":32}},"locations":[{"start":{"line":199,"column":28},"end":{"line":200,"column":32}}]},"36":{"type":"branch","line":200,"loc":{"start":{"line":200,"column":31},"end":{"line":201,"column":38}},"locations":[{"start":{"line":200,"column":31},"end":{"line":201,"column":38}}]},"37":{"type":"branch","line":218,"loc":{"start":{"line":218,"column":7},"end":{"line":230,"column":1}},"locations":[{"start":{"line":218,"column":7},"end":{"line":230,"column":1}}]}},"b":{"0":[17],"1":[20],"2":[15],"3":[2],"4":[16],"5":[8],"6":[3],"7":[8],"8":[3],"9":[2],"10":[9],"11":[2],"12":[1],"13":[3],"14":[2],"15":[1],"16":[1],"17":[1],"18":[1],"19":[9],"20":[4],"21":[9],"22":[8],"23":[8],"24":[2],"25":[7],"26":[1],"27":[6],"28":[3],"29":[12],"30":[4],"31":[1],"32":[1],"33":[11],"34":[6],"35":[1],"36":[5],"37":[3]},"fnMap":{"0":{"name":"isValidFileName","decl":{"start":{"line":7,"column":7},"end":{"line":10,"column":1}},"loc":{"start":{"line":7,"column":7},"end":{"line":10,"column":1}},"line":7},"1":{"name":"sanitizeFileName","decl":{"start":{"line":17,"column":7},"end":{"line":23,"column":1}},"loc":{"start":{"line":17,"column":7},"end":{"line":23,"column":1}},"line":17},"2":{"name":"compressContent","decl":{"start":{"line":28,"column":7},"end":{"line":30,"column":1}},"loc":{"start":{"line":28,"column":7},"end":{"line":30,"column":1}},"line":28},"3":{"name":"decompressContent","decl":{"start":{"line":35,"column":7},"end":{"line":37,"column":1}},"loc":{"start":{"line":35,"column":7},"end":{"line":37,"column":1}},"line":35},"4":{"name":"generateCreateLink","decl":{"start":{"line":53,"column":7},"end":{"line":72,"column":1}},"loc":{"start":{"line":53,"column":7},"end":{"line":72,"column":1}},"line":53},"5":{"name":"generateOpenLink","decl":{"start":{"line":77,"column":7},"end":{"line":83,"column":1}},"loc":{"start":{"line":77,"column":7},"end":{"line":83,"column":1}},"line":77},"6":{"name":"generateDailyLink","decl":{"start":{"line":88,"column":7},"end":{"line":112,"column":1}},"loc":{"start":{"line":88,"column":7},"end":{"line":112,"column":1}},"line":88},"7":{"name":"escapeYamlString","decl":{"start":{"line":117,"column":0},"end":{"line":124,"column":1}},"loc":{"start":{"line":117,"column":0},"end":{"line":124,"column":1}},"line":117},"8":{"name":"buildFrontmatter","decl":{"start":{"line":131,"column":0},"end":{"line":151,"column":1}},"loc":{"start":{"line":131,"column":0},"end":{"line":151,"column":1}},"line":131},"9":{"name":"buildClipMarkdown","decl":{"start":{"line":156,"column":7},"end":{"line":181,"column":1}},"loc":{"start":{"line":156,"column":7},"end":{"line":181,"column":1}},"line":156},"10":{"name":"generateClipLink","decl":{"start":{"line":186,"column":7},"end":{"line":213,"column":1}},"loc":{"start":{"line":186,"column":7},"end":{"line":213,"column":1}},"line":186},"11":{"name":"getPayloadSize","decl":{"start":{"line":218,"column":7},"end":{"line":230,"column":1}},"loc":{"start":{"line":218,"column":7},"end":{"line":230,"column":1}},"line":218},"12":{"name":"openDeeplink","decl":{"start":{"line":235,"column":7},"end":{"line":237,"column":1}},"loc":{"start":{"line":235,"column":7},"end":{"line":237,"column":1}},"line":235}},"f":{"0":17,"1":20,"2":15,"3":2,"4":16,"5":2,"6":3,"7":9,"8":4,"9":12,"10":6,"11":3,"12":0}}
,"/Users/rajatkulkarni/Documents/projects/octarine-extension/src/utils/extractor.ts": {"path":"/Users/rajatkulkarni/Documents/projects/octarine-extension/src/utils/extractor.ts","all":false,"statementMap":{"0":{"start":{"line":1,"column":0},"end":{"line":1,"column":51}},"1":{"start":{"line":2,"column":0},"end":{"line":2,"column":81}},"8":{"start":{"line":9,"column":0},"end":{"line":9,"column":50}},"10":{"start":{"line":11,"column":0},"end":{"line":11,"column":66}},"11":{"start":{"line":12,"column":0},"end":{"line":12,"column":33}},"13":{"start":{"line":14,"column":0},"end":{"line":14,"column":49}},"14":{"start":{"line":15,"column":0},"end":{"line":15,"column":40}},"17":{"start":{"line":18,"column":0},"end":{"line":18,"column":50}},"18":{"start":{"line":19,"column":0},"end":{"line":19,"column":33}},"20":{"start":{"line":21,"column":0},"end":{"line":21,"column":59}},"21":{"start":{"line":22,"column":0},"end":{"line":22,"column":48}},"22":{"start":{"line":23,"column":0},"end":{"line":23,"column":24}},"23":{"start":{"line":24,"column":0},"end":{"line":24,"column":7}},"24":{"start":{"line":25,"column":0},"end":{"line":25,"column":7}},"25":{"start":{"line":26,"column":0},"end":{"line":26,"column":5}},"28":{"start":{"line":29,"column":0},"end":{"line":29,"column":98}},"29":{"start":{"line":30,"column":0},"end":{"line":30,"column":46}},"32":{"start":{"line":33,"column":0},"end":{"line":33,"column":75}},"33":{"start":{"line":34,"column":0},"end":{"line":34,"column":48}},"34":{"start":{"line":35,"column":0},"end":{"line":35,"column":1}},"40":{"start":{"line":41,"column":0},"end":{"line":41,"column":54}},"41":{"start":{"line":42,"column":0},"end":{"line":42,"column":48}},"42":{"start":{"line":43,"column":0},"end":{"line":43,"column":27}},"44":{"start":{"line":45,"column":0},"end":{"line":45,"column":84}},"45":{"start":{"line":46,"column":0},"end":{"line":46,"column":65}},"47":{"start":{"line":48,"column":0},"end":{"line":48,"column":33}},"48":{"start":{"line":49,"column":0},"end":{"line":49,"column":1}},"54":{"start":{"line":55,"column":0},"end":{"line":55,"column":57}},"56":{"start":{"line":57,"column":0},"end":{"line":57,"column":21}},"57":{"start":{"line":58,"column":0},"end":{"line":58,"column":11}},"58":{"start":{"line":59,"column":0},"end":{"line":59,"column":20}},"59":{"start":{"line":60,"column":0},"end":{"line":60,"column":14}},"60":{"start":{"line":61,"column":0},"end":{"line":61,"column":15}},"61":{"start":{"line":62,"column":0},"end":{"line":62,"column":15}},"62":{"start":{"line":63,"column":0},"end":{"line":63,"column":20}},"63":{"start":{"line":64,"column":0},"end":{"line":64,"column":21}},"64":{"start":{"line":65,"column":0},"end":{"line":65,"column":20}},"65":{"start":{"line":66,"column":0},"end":{"line":66,"column":21}},"66":{"start":{"line":67,"column":0},"end":{"line":67,"column":13}},"67":{"start":{"line":68,"column":0},"end":{"line":68,"column":15}},"68":{"start":{"line":69,"column":0},"end":{"line":69,"column":20}},"69":{"start":{"line":70,"column":0},"end":{"line":70,"column":20}},"71":{"start":{"line":72,"column":0},"end":{"line":72,"column":20}},"72":{"start":{"line":73,"column":0},"end":{"line":73,"column":21}},"73":{"start":{"line":74,"column":0},"end":{"line":74,"column":28}},"74":{"start":{"line":75,"column":0},"end":{"line":75,"column":29}},"75":{"start":{"line":76,"column":0},"end":{"line":76,"column":25}},"76":{"start":{"line":77,"column":0},"end":{"line":77,"column":4}},"78":{"start":{"line":79,"column":0},"end":{"line":79,"column":37}},"79":{"start":{"line":80,"column":0},"end":{"line":80,"column":48}},"80":{"start":{"line":81,"column":0},"end":{"line":81,"column":84}},"81":{"start":{"line":82,"column":0},"end":{"line":82,"column":21}},"82":{"start":{"line":83,"column":0},"end":{"line":83,"column":5}},"83":{"start":{"line":84,"column":0},"end":{"line":84,"column":3}},"85":{"start":{"line":86,"column":0},"end":{"line":86,"column":14}},"86":{"start":{"line":87,"column":0},"end":{"line":87,"column":1}},"91":{"start":{"line":92,"column":0},"end":{"line":92,"column":68}},"93":{"start":{"line":94,"column":0},"end":{"line":94,"column":58}},"94":{"start":{"line":95,"column":0},"end":{"line":95,"column":22}},"97":{"start":{"line":98,"column":0},"end":{"line":98,"column":56}},"100":{"start":{"line":101,"column":0},"end":{"line":101,"column":36}},"103":{"start":{"line":104,"column":0},"end":{"line":104,"column":49}},"104":{"start":{"line":105,"column":0},"end":{"line":105,"column":22}},"105":{"start":{"line":106,"column":0},"end":{"line":106,"column":5}},"107":{"start":{"line":108,"column":0},"end":{"line":108,"column":33}},"110":{"start":{"line":111,"column":0},"end":{"line":111,"column":48}},"111":{"start":{"line":112,"column":0},"end":{"line":112,"column":72}},"112":{"start":{"line":113,"column":0},"end":{"line":113,"column":69}},"113":{"start":{"line":114,"column":0},"end":{"line":114,"column":82}},"115":{"start":{"line":116,"column":0},"end":{"line":116,"column":34}},"117":{"start":{"line":118,"column":0},"end":{"line":118,"column":45}},"118":{"start":{"line":119,"column":0},"end":{"line":119,"column":80}},"121":{"start":{"line":122,"column":0},"end":{"line":122,"column":56}},"122":{"start":{"line":123,"column":0},"end":{"line":123,"column":46}},"125":{"start":{"line":126,"column":0},"end":{"line":126,"column":31}},"126":{"start":{"line":127,"column":0},"end":{"line":127,"column":41}},"127":{"start":{"line":128,"column":0},"end":{"line":128,"column":71}},"128":{"start":{"line":129,"column":0},"end":{"line":129,"column":57}},"129":{"start":{"line":130,"column":0},"end":{"line":130,"column":48}},"130":{"start":{"line":131,"column":0},"end":{"line":131,"column":46}},"131":{"start":{"line":132,"column":0},"end":{"line":132,"column":6}},"132":{"start":{"line":133,"column":0},"end":{"line":133,"column":43}},"133":{"start":{"line":134,"column":0},"end":{"line":134,"column":74}},"134":{"start":{"line":135,"column":0},"end":{"line":135,"column":7}},"136":{"start":{"line":137,"column":0},"end":{"line":137,"column":51}},"137":{"start":{"line":138,"column":0},"end":{"line":138,"column":67}},"139":{"start":{"line":140,"column":0},"end":{"line":140,"column":12}},"140":{"start":{"line":141,"column":0},"end":{"line":141,"column":55}},"141":{"start":{"line":142,"column":0},"end":{"line":142,"column":36}},"142":{"start":{"line":143,"column":0},"end":{"line":143,"column":30}},"143":{"start":{"line":144,"column":0},"end":{"line":144,"column":15}},"144":{"start":{"line":145,"column":0},"end":{"line":145,"column":43}},"145":{"start":{"line":146,"column":0},"end":{"line":146,"column":47}},"146":{"start":{"line":147,"column":0},"end":{"line":147,"column":45}},"147":{"start":{"line":148,"column":0},"end":{"line":148,"column":6}},"148":{"start":{"line":149,"column":0},"end":{"line":149,"column":3}},"151":{"start":{"line":152,"column":0},"end":{"line":152,"column":70}},"154":{"start":{"line":155,"column":0},"end":{"line":155,"column":40}},"157":{"start":{"line":158,"column":0},"end":{"line":158,"column":39}},"158":{"start":{"line":159,"column":0},"end":{"line":159,"column":47}},"160":{"start":{"line":161,"column":0},"end":{"line":161,"column":34}},"161":{"start":{"line":162,"column":0},"end":{"line":162,"column":76}},"162":{"start":{"line":163,"column":0},"end":{"line":163,"column":11}},"163":{"start":{"line":164,"column":0},"end":{"line":164,"column":57}},"164":{"start":{"line":165,"column":0},"end":{"line":165,"column":15}},"165":{"start":{"line":166,"column":0},"end":{"line":166,"column":34}},"166":{"start":{"line":167,"column":0},"end":{"line":167,"column":7}},"167":{"start":{"line":168,"column":0},"end":{"line":168,"column":5}},"168":{"start":{"line":169,"column":0},"end":{"line":169,"column":56}},"169":{"start":{"line":170,"column":0},"end":{"line":170,"column":3}},"171":{"start":{"line":172,"column":0},"end":{"line":172,"column":113}},"172":{"start":{"line":173,"column":0},"end":{"line":173,"column":109}},"174":{"start":{"line":175,"column":0},"end":{"line":175,"column":38}},"175":{"start":{"line":176,"column":0},"end":{"line":176,"column":51}},"176":{"start":{"line":177,"column":0},"end":{"line":177,"column":44}},"177":{"start":{"line":178,"column":0},"end":{"line":178,"column":62}},"178":{"start":{"line":179,"column":0},"end":{"line":179,"column":34}},"179":{"start":{"line":180,"column":0},"end":{"line":180,"column":103}},"180":{"start":{"line":181,"column":0},"end":{"line":181,"column":72}},"181":{"start":{"line":182,"column":0},"end":{"line":182,"column":45}},"182":{"start":{"line":183,"column":0},"end":{"line":183,"column":27}},"183":{"start":{"line":184,"column":0},"end":{"line":184,"column":4}},"185":{"start":{"line":186,"column":0},"end":{"line":186,"column":10}},"186":{"start":{"line":187,"column":0},"end":{"line":187,"column":52}},"187":{"start":{"line":188,"column":0},"end":{"line":188,"column":34}},"188":{"start":{"line":189,"column":0},"end":{"line":189,"column":35}},"189":{"start":{"line":190,"column":0},"end":{"line":190,"column":13}},"190":{"start":{"line":191,"column":0},"end":{"line":191,"column":40}},"191":{"start":{"line":192,"column":0},"end":{"line":192,"column":44}},"192":{"start":{"line":193,"column":0},"end":{"line":193,"column":42}},"193":{"start":{"line":194,"column":0},"end":{"line":194,"column":27}},"194":{"start":{"line":195,"column":0},"end":{"line":195,"column":4}},"195":{"start":{"line":196,"column":0},"end":{"line":196,"column":1}},"200":{"start":{"line":201,"column":0},"end":{"line":201,"column":47}},"201":{"start":{"line":202,"column":0},"end":{"line":202,"column":28}},"204":{"start":{"line":205,"column":0},"end":{"line":205,"column":87}},"205":{"start":{"line":206,"column":0},"end":{"line":206,"column":17}},"206":{"start":{"line":207,"column":0},"end":{"line":207,"column":73}},"207":{"start":{"line":208,"column":0},"end":{"line":208,"column":3}},"210":{"start":{"line":211,"column":0},"end":{"line":211,"column":75}},"211":{"start":{"line":212,"column":0},"end":{"line":212,"column":30}},"212":{"start":{"line":213,"column":0},"end":{"line":213,"column":48}},"213":{"start":{"line":214,"column":0},"end":{"line":214,"column":45}},"214":{"start":{"line":215,"column":0},"end":{"line":215,"column":25}},"215":{"start":{"line":216,"column":0},"end":{"line":216,"column":5}},"216":{"start":{"line":217,"column":0},"end":{"line":217,"column":5}},"218":{"start":{"line":219,"column":0},"end":{"line":219,"column":45}},"219":{"start":{"line":220,"column":0},"end":{"line":220,"column":1}},"224":{"start":{"line":225,"column":0},"end":{"line":225,"column":72}},"225":{"start":{"line":226,"column":0},"end":{"line":226,"column":46}},"228":{"start":{"line":229,"column":0},"end":{"line":229,"column":48}},"229":{"start":{"line":230,"column":0},"end":{"line":230,"column":29}},"230":{"start":{"line":231,"column":0},"end":{"line":231,"column":74}},"231":{"start":{"line":232,"column":0},"end":{"line":232,"column":48}},"232":{"start":{"line":233,"column":0},"end":{"line":233,"column":26}},"233":{"start":{"line":234,"column":0},"end":{"line":234,"column":31}},"234":{"start":{"line":235,"column":0},"end":{"line":235,"column":5}},"235":{"start":{"line":236,"column":0},"end":{"line":236,"column":5}},"238":{"start":{"line":239,"column":0},"end":{"line":239,"column":90}},"239":{"start":{"line":240,"column":0},"end":{"line":240,"column":102}},"240":{"start":{"line":241,"column":0},"end":{"line":241,"column":90}},"241":{"start":{"line":242,"column":0},"end":{"line":242,"column":97}},"243":{"start":{"line":244,"column":0},"end":{"line":244,"column":46}},"244":{"start":{"line":245,"column":0},"end":{"line":245,"column":64}},"245":{"start":{"line":246,"column":0},"end":{"line":246,"column":46}},"246":{"start":{"line":247,"column":0},"end":{"line":247,"column":56}},"249":{"start":{"line":250,"column":0},"end":{"line":250,"column":96}},"250":{"start":{"line":251,"column":0},"end":{"line":251,"column":108}},"252":{"start":{"line":253,"column":0},"end":{"line":253,"column":61}},"253":{"start":{"line":254,"column":0},"end":{"line":254,"column":79}},"256":{"start":{"line":257,"column":0},"end":{"line":257,"column":90}},"257":{"start":{"line":258,"column":0},"end":{"line":258,"column":113}},"259":{"start":{"line":260,"column":0},"end":{"line":260,"column":56}},"260":{"start":{"line":261,"column":0},"end":{"line":261,"column":65}},"262":{"start":{"line":263,"column":0},"end":{"line":263,"column":18}},"263":{"start":{"line":264,"column":0},"end":{"line":264,"column":1}},"268":{"start":{"line":269,"column":0},"end":{"line":269,"column":43}},"269":{"start":{"line":270,"column":0},"end":{"line":270,"column":42}},"270":{"start":{"line":271,"column":0},"end":{"line":271,"column":44}},"271":{"start":{"line":272,"column":0},"end":{"line":272,"column":1}},"276":{"start":{"line":277,"column":0},"end":{"line":277,"column":43}},"277":{"start":{"line":278,"column":0},"end":{"line":278,"column":42}},"278":{"start":{"line":279,"column":0},"end":{"line":279,"column":58}},"280":{"start":{"line":281,"column":0},"end":{"line":281,"column":40}},"281":{"start":{"line":282,"column":0},"end":{"line":282,"column":50}},"282":{"start":{"line":283,"column":0},"end":{"line":283,"column":47}},"284":{"start":{"line":285,"column":0},"end":{"line":285,"column":29}},"285":{"start":{"line":286,"column":0},"end":{"line":286,"column":1}},"290":{"start":{"line":291,"column":0},"end":{"line":291,"column":47}},"291":{"start":{"line":292,"column":0},"end":{"line":292,"column":33}},"292":{"start":{"line":293,"column":0},"end":{"line":293,"column":23}},"294":{"start":{"line":295,"column":0},"end":{"line":295,"column":45}},"295":{"start":{"line":296,"column":0},"end":{"line":296,"column":1}}},"s":{"0":1,"1":1,"8":12,"10":12,"11":12,"13":4,"14":4,"17":4,"18":4,"20":0,"21":0,"22":0,"23":0,"24":4,"25":12,"28":12,"29":12,"32":12,"33":12,"34":12,"40":24,"41":24,"42":24,"44":24,"45":24,"47":24,"48":24,"54":1,"56":1,"57":1,"58":1,"59":1,"60":1,"61":1,"62":1,"63":1,"64":1,"65":1,"66":1,"67":1,"68":1,"69":1,"71":1,"72":1,"73":1,"74":1,"75":1,"76":1,"78":1,"79":3,"80":3,"81":1,"82":1,"83":3,"85":0,"86":0,"91":1,"93":12,"94":12,"97":12,"100":12,"103":12,"104":12,"105":12,"107":12,"110":12,"111":12,"112":12,"113":12,"115":12,"117":1,"118":1,"121":1,"122":1,"125":1,"126":1,"127":1,"128":1,"129":1,"130":1,"131":1,"132":1,"133":19,"134":1,"136":1,"137":1,"139":1,"140":1,"141":1,"142":1,"143":1,"144":1,"145":1,"146":1,"147":1,"148":1,"151":12,"154":12,"157":12,"158":12,"160":3,"161":3,"162":1,"163":1,"164":1,"165":0,"166":0,"167":1,"168":3,"169":3,"171":12,"172":12,"174":12,"175":12,"176":12,"177":12,"178":12,"179":12,"180":12,"181":12,"182":12,"183":12,"185":12,"186":12,"187":12,"188":12,"189":12,"190":12,"191":12,"192":12,"193":12,"194":12,"195":12,"200":11,"201":11,"204":11,"205":11,"206":2,"207":2,"210":11,"211":11,"212":0,"213":0,"214":0,"215":0,"216":11,"218":11,"219":11,"224":1,"225":17,"228":17,"229":17,"230":19,"231":19,"232":19,"233":17,"234":17,"235":17,"238":17,"239":17,"240":17,"241":17,"243":17,"244":17,"245":17,"246":17,"249":17,"250":17,"252":17,"253":17,"256":17,"257":17,"259":17,"260":17,"262":17,"263":17,"268":1,"269":1,"270":1,"271":1,"276":1,"277":2,"278":2,"280":0,"281":0,"282":0,"284":0,"285":0,"290":1,"291":1,"292":1,"294":0,"295":0},"branchMap":{"0":{"type":"branch","line":9,"loc":{"start":{"line":9,"column":0},"end":{"line":35,"column":1}},"locations":[{"start":{"line":9,"column":0},"end":{"line":35,"column":1}}]},"1":{"type":"branch","line":12,"loc":{"start":{"line":12,"column":19},"end":{"line":26,"column":3}},"locations":[{"start":{"line":12,"column":19},"end":{"line":26,"column":3}}]},"2":{"type":"branch","line":34,"loc":{"start":{"line":34,"column":27},"end":{"line":34,"column":46}},"locations":[{"start":{"line":34,"column":27},"end":{"line":34,"column":46}}]},"3":{"type":"branch","line":41,"loc":{"start":{"line":41,"column":0},"end":{"line":49,"column":1}},"locations":[{"start":{"line":41,"column":0},"end":{"line":49,"column":1}}]},"4":{"type":"branch","line":48,"loc":{"start":{"line":48,"column":9},"end":{"line":48,"column":33}},"locations":[{"start":{"line":48,"column":9},"end":{"line":48,"column":33}}]},"5":{"type":"branch","line":55,"loc":{"start":{"line":55,"column":0},"end":{"line":87,"column":1}},"locations":[{"start":{"line":55,"column":0},"end":{"line":87,"column":1}}]},"6":{"type":"branch","line":79,"loc":{"start":{"line":79,"column":36},"end":{"line":84,"column":3}},"locations":[{"start":{"line":79,"column":36},"end":{"line":84,"column":3}}]},"7":{"type":"branch","line":81,"loc":{"start":{"line":81,"column":8},"end":{"line":81,"column":42}},"locations":[{"start":{"line":81,"column":8},"end":{"line":81,"column":42}}]},"8":{"type":"branch","line":81,"loc":{"start":{"line":81,"column":27},"end":{"line":81,"column":83}},"locations":[{"start":{"line":81,"column":27},"end":{"line":81,"column":83}}]},"9":{"type":"branch","line":81,"loc":{"start":{"line":81,"column":83},"end":{"line":83,"column":5}},"locations":[{"start":{"line":81,"column":83},"end":{"line":83,"column":5}}]},"10":{"type":"branch","line":84,"loc":{"start":{"line":84,"column":2},"end":{"line":87,"column":1}},"locations":[{"start":{"line":84,"column":2},"end":{"line":87,"column":1}}]},"11":{"type":"branch","line":92,"loc":{"start":{"line":92,"column":7},"end":{"line":196,"column":1}},"locations":[{"start":{"line":92,"column":7},"end":{"line":196,"column":1}}]},"12":{"type":"branch","line":94,"loc":{"start":{"line":94,"column":32},"end":{"line":94,"column":55}},"locations":[{"start":{"line":94,"column":32},"end":{"line":94,"column":55}}]},"13":{"type":"branch","line":94,"loc":{"start":{"line":94,"column":44},"end":{"line":94,"column":58}},"locations":[{"start":{"line":94,"column":44},"end":{"line":94,"column":58}}]},"14":{"type":"branch","line":111,"loc":{"start":{"line":111,"column":34},"end":{"line":111,"column":48}},"locations":[{"start":{"line":111,"column":34},"end":{"line":111,"column":48}}]},"15":{"type":"branch","line":114,"loc":{"start":{"line":114,"column":36},"end":{"line":114,"column":82}},"locations":[{"start":{"line":114,"column":36},"end":{"line":114,"column":82}}]},"16":{"type":"branch","line":116,"loc":{"start":{"line":116,"column":33},"end":{"line":149,"column":3}},"locations":[{"start":{"line":116,"column":33},"end":{"line":149,"column":3}}]},"17":{"type":"branch","line":119,"loc":{"start":{"line":119,"column":41},"end":{"line":119,"column":77}},"locations":[{"start":{"line":119,"column":41},"end":{"line":119,"column":77}}]},"18":{"type":"branch","line":119,"loc":{"start":{"line":119,"column":64},"end":{"line":119,"column":80}},"locations":[{"start":{"line":119,"column":64},"end":{"line":119,"column":80}}]},"19":{"type":"branch","line":141,"loc":{"start":{"line":141,"column":22},"end":{"line":141,"column":44}},"locations":[{"start":{"line":141,"column":22},"end":{"line":141,"column":44}}]},"20":{"type":"branch","line":141,"loc":{"start":{"line":141,"column":35},"end":{"line":141,"column":55}},"locations":[{"start":{"line":141,"column":35},"end":{"line":141,"column":55}}]},"21":{"type":"branch","line":142,"loc":{"start":{"line":142,"column":25},"end":{"line":142,"column":36}},"locations":[{"start":{"line":142,"column":25},"end":{"line":142,"column":36}}]},"22":{"type":"branch","line":147,"loc":{"start":{"line":147,"column":24},"end":{"line":147,"column":45}},"locations":[{"start":{"line":147,"column":24},"end":{"line":147,"column":45}}]},"23":{"type":"branch","line":149,"loc":{"start":{"line":149,"column":2},"end":{"line":152,"column":65}},"locations":[{"start":{"line":149,"column":2},"end":{"line":152,"column":65}}]},"24":{"type":"branch","line":152,"loc":{"start":{"line":152,"column":54},"end":{"line":152,"column":67}},"locations":[{"start":{"line":152,"column":54},"end":{"line":152,"column":67}}]},"25":{"type":"branch","line":159,"loc":{"start":{"line":159,"column":6},"end":{"line":159,"column":46}},"locations":[{"start":{"line":159,"column":6},"end":{"line":159,"column":46}}]},"26":{"type":"branch","line":159,"loc":{"start":{"line":159,"column":46},"end":{"line":170,"column":3}},"locations":[{"start":{"line":159,"column":46},"end":{"line":170,"column":3}}]},"27":{"type":"branch","line":162,"loc":{"start":{"line":162,"column":75},"end":{"line":168,"column":5}},"locations":[{"start":{"line":162,"column":75},"end":{"line":168,"column":5}}]},"28":{"type":"branch","line":165,"loc":{"start":{"line":165,"column":6},"end":{"line":167,"column":7}},"locations":[{"start":{"line":165,"column":6},"end":{"line":167,"column":7}}]},"29":{"type":"branch","line":170,"loc":{"start":{"line":170,"column":2},"end":{"line":172,"column":87}},"locations":[{"start":{"line":170,"column":2},"end":{"line":172,"column":87}}]},"30":{"type":"branch","line":172,"loc":{"start":{"line":172,"column":82},"end":{"line":172,"column":113}},"locations":[{"start":{"line":172,"column":82},"end":{"line":172,"column":113}}]},"31":{"type":"branch","line":173,"loc":{"start":{"line":173,"column":29},"end":{"line":173,"column":99}},"locations":[{"start":{"line":173,"column":29},"end":{"line":173,"column":99}}]},"32":{"type":"branch","line":173,"loc":{"start":{"line":173,"column":95},"end":{"line":173,"column":109}},"locations":[{"start":{"line":173,"column":95},"end":{"line":173,"column":109}}]},"33":{"type":"branch","line":176,"loc":{"start":{"line":176,"column":19},"end":{"line":176,"column":41}},"locations":[{"start":{"line":176,"column":19},"end":{"line":176,"column":41}}]},"34":{"type":"branch","line":176,"loc":{"start":{"line":176,"column":32},"end":{"line":176,"column":51}},"locations":[{"start":{"line":176,"column":32},"end":{"line":176,"column":51}}]},"35":{"type":"branch","line":177,"loc":{"start":{"line":177,"column":16},"end":{"line":177,"column":34}},"locations":[{"start":{"line":177,"column":16},"end":{"line":177,"column":34}}]},"36":{"type":"branch","line":177,"loc":{"start":{"line":177,"column":26},"end":{"line":177,"column":44}},"locations":[{"start":{"line":177,"column":26},"end":{"line":177,"column":44}}]},"37":{"type":"branch","line":178,"loc":{"start":{"line":178,"column":20},"end":{"line":178,"column":52}},"locations":[{"start":{"line":178,"column":20},"end":{"line":178,"column":52}}]},"38":{"type":"branch","line":178,"loc":{"start":{"line":178,"column":47},"end":{"line":178,"column":62}},"locations":[{"start":{"line":178,"column":47},"end":{"line":178,"column":62}}]},"39":{"type":"branch","line":180,"loc":{"start":{"line":180,"column":25},"end":{"line":180,"column":63}},"locations":[{"start":{"line":180,"column":25},"end":{"line":180,"column":63}}]},"40":{"type":"branch","line":180,"loc":{"start":{"line":180,"column":58},"end":{"line":180,"column":93}},"locations":[{"start":{"line":180,"column":58},"end":{"line":180,"column":93}}]},"41":{"type":"branch","line":180,"loc":{"start":{"line":180,"column":88},"end":{"line":180,"column":103}},"locations":[{"start":{"line":180,"column":88},"end":{"line":180,"column":103}}]},"42":{"type":"branch","line":181,"loc":{"start":{"line":181,"column":22},"end":{"line":181,"column":62}},"locations":[{"start":{"line":181,"column":22},"end":{"line":181,"column":62}}]},"43":{"type":"branch","line":181,"loc":{"start":{"line":181,"column":57},"end":{"line":181,"column":72}},"locations":[{"start":{"line":181,"column":57},"end":{"line":181,"column":72}}]},"44":{"type":"branch","line":182,"loc":{"start":{"line":182,"column":30},"end":{"line":182,"column":45}},"locations":[{"start":{"line":182,"column":30},"end":{"line":182,"column":45}}]},"45":{"type":"branch","line":187,"loc":{"start":{"line":187,"column":19},"end":{"line":187,"column":41}},"locations":[{"start":{"line":187,"column":19},"end":{"line":187,"column":41}}]},"46":{"type":"branch","line":187,"loc":{"start":{"line":187,"column":32},"end":{"line":187,"column":52}},"locations":[{"start":{"line":187,"column":32},"end":{"line":187,"column":52}}]},"47":{"type":"branch","line":188,"loc":{"start":{"line":188,"column":13},"end":{"line":188,"column":31}},"locations":[{"start":{"line":188,"column":13},"end":{"line":188,"column":31}}]},"48":{"type":"branch","line":188,"loc":{"start":{"line":188,"column":23},"end":{"line":188,"column":34}},"locations":[{"start":{"line":188,"column":23},"end":{"line":188,"column":34}}]},"49":{"type":"branch","line":189,"loc":{"start":{"line":189,"column":21},"end":{"line":189,"column":35}},"locations":[{"start":{"line":189,"column":21},"end":{"line":189,"column":35}}]},"50":{"type":"branch","line":191,"loc":{"start":{"line":191,"column":20},"end":{"line":191,"column":40}},"locations":[{"start":{"line":191,"column":20},"end":{"line":191,"column":40}}]},"51":{"type":"branch","line":192,"loc":{"start":{"line":192,"column":22},"end":{"line":192,"column":44}},"locations":[{"start":{"line":192,"column":22},"end":{"line":192,"column":44}}]},"52":{"type":"branch","line":193,"loc":{"start":{"line":193,"column":21},"end":{"line":193,"column":42}},"locations":[{"start":{"line":193,"column":21},"end":{"line":193,"column":42}}]},"53":{"type":"branch","line":133,"loc":{"start":{"line":133,"column":30},"end":{"line":135,"column":5}},"locations":[{"start":{"line":133,"column":30},"end":{"line":135,"column":5}}]},"54":{"type":"branch","line":201,"loc":{"start":{"line":201,"column":0},"end":{"line":220,"column":1}},"locations":[{"start":{"line":201,"column":0},"end":{"line":220,"column":1}}]},"55":{"type":"branch","line":205,"loc":{"start":{"line":205,"column":60},"end":{"line":205,"column":76}},"locations":[{"start":{"line":205,"column":60},"end":{"line":205,"column":76}}]},"56":{"type":"branch","line":206,"loc":{"start":{"line":206,"column":16},"end":{"line":208,"column":3}},"locations":[{"start":{"line":206,"column":16},"end":{"line":208,"column":3}}]},"57":{"type":"branch","line":207,"loc":{"start":{"line":207,"column":41},"end":{"line":207,"column":54}},"locations":[{"start":{"line":207,"column":41},"end":{"line":207,"column":54}}]},"58":{"type":"branch","line":225,"loc":{"start":{"line":225,"column":7},"end":{"line":264,"column":1}},"locations":[{"start":{"line":225,"column":7},"end":{"line":264,"column":1}}]},"59":{"type":"branch","line":239,"loc":{"start":{"line":239,"column":63},"end":{"line":239,"column":79}},"locations":[{"start":{"line":239,"column":63},"end":{"line":239,"column":79}}]},"60":{"type":"branch","line":240,"loc":{"start":{"line":240,"column":75},"end":{"line":240,"column":91}},"locations":[{"start":{"line":240,"column":75},"end":{"line":240,"column":91}}]},"61":{"type":"branch","line":241,"loc":{"start":{"line":241,"column":63},"end":{"line":241,"column":79}},"locations":[{"start":{"line":241,"column":63},"end":{"line":241,"column":79}}]},"62":{"type":"branch","line":242,"loc":{"start":{"line":242,"column":70},"end":{"line":242,"column":86}},"locations":[{"start":{"line":242,"column":70},"end":{"line":242,"column":86}}]},"63":{"type":"branch","line":244,"loc":{"start":{"line":244,"column":15},"end":{"line":244,"column":46}},"locations":[{"start":{"line":244,"column":15},"end":{"line":244,"column":46}}]},"64":{"type":"branch","line":245,"loc":{"start":{"line":245,"column":21},"end":{"line":245,"column":64}},"locations":[{"start":{"line":245,"column":21},"end":{"line":245,"column":64}}]},"65":{"type":"branch","line":246,"loc":{"start":{"line":246,"column":15},"end":{"line":246,"column":46}},"locations":[{"start":{"line":246,"column":15},"end":{"line":246,"column":46}}]},"66":{"type":"branch","line":247,"loc":{"start":{"line":247,"column":18},"end":{"line":247,"column":56}},"locations":[{"start":{"line":247,"column":18},"end":{"line":247,"column":56}}]},"67":{"type":"branch","line":250,"loc":{"start":{"line":250,"column":69},"end":{"line":250,"column":85}},"locations":[{"start":{"line":250,"column":69},"end":{"line":250,"column":85}}]},"68":{"type":"branch","line":251,"loc":{"start":{"line":251,"column":81},"end":{"line":251,"column":97}},"locations":[{"start":{"line":251,"column":81},"end":{"line":251,"column":97}}]},"69":{"type":"branch","line":253,"loc":{"start":{"line":253,"column":20},"end":{"line":253,"column":61}},"locations":[{"start":{"line":253,"column":20},"end":{"line":253,"column":61}}]},"70":{"type":"branch","line":254,"loc":{"start":{"line":254,"column":26},"end":{"line":254,"column":79}},"locations":[{"start":{"line":254,"column":26},"end":{"line":254,"column":79}}]},"71":{"type":"branch","line":257,"loc":{"start":{"line":257,"column":63},"end":{"line":257,"column":79}},"locations":[{"start":{"line":257,"column":63},"end":{"line":257,"column":79}}]},"72":{"type":"branch","line":258,"loc":{"start":{"line":258,"column":86},"end":{"line":258,"column":102}},"locations":[{"start":{"line":258,"column":86},"end":{"line":258,"column":102}}]},"73":{"type":"branch","line":260,"loc":{"start":{"line":260,"column":21},"end":{"line":260,"column":56}},"locations":[{"start":{"line":260,"column":21},"end":{"line":260,"column":56}}]},"74":{"type":"branch","line":261,"loc":{"start":{"line":261,"column":24},"end":{"line":261,"column":65}},"locations":[{"start":{"line":261,"column":24},"end":{"line":261,"column":65}}]},"75":{"type":"branch","line":230,"loc":{"start":{"line":230,"column":19},"end":{"line":236,"column":3}},"locations":[{"start":{"line":230,"column":19},"end":{"line":236,"column":3}}]},"76":{"type":"branch","line":231,"loc":{"start":{"line":231,"column":40},"end":{"line":231,"column":74}},"locations":[{"start":{"line":231,"column":40},"end":{"line":231,"column":74}}]},"77":{"type":"branch","line":233,"loc":{"start":{"line":233,"column":25},"end":{"line":235,"column":5}},"locations":[{"start":{"line":233,"column":25},"end":{"line":235,"column":5}}]},"78":{"type":"branch","line":269,"loc":{"start":{"line":269,"column":7},"end":{"line":272,"column":1}},"locations":[{"start":{"line":269,"column":7},"end":{"line":272,"column":1}}]},"79":{"type":"branch","line":277,"loc":{"start":{"line":277,"column":7},"end":{"line":286,"column":1}},"locations":[{"start":{"line":277,"column":7},"end":{"line":286,"column":1}}]},"80":{"type":"branch","line":279,"loc":{"start":{"line":279,"column":55},"end":{"line":286,"column":1}},"locations":[{"start":{"line":279,"column":55},"end":{"line":286,"column":1}}]},"81":{"type":"branch","line":291,"loc":{"start":{"line":291,"column":7},"end":{"line":296,"column":1}},"locations":[{"start":{"line":291,"column":7},"end":{"line":296,"column":1}}]},"82":{"type":"branch","line":293,"loc":{"start":{"line":293,"column":20},"end":{"line":296,"column":1}},"locations":[{"start":{"line":293,"column":20},"end":{"line":296,"column":1}}]}},"b":{"0":[12],"1":[4],"2":[2],"3":[24],"4":[19],"5":[1],"6":[3],"7":[1],"8":[1],"9":[1],"10":[0],"11":[12],"12":[0],"13":[0],"14":[0],"15":[10],"16":[1],"17":[0],"18":[0],"19":[0],"20":[0],"21":[0],"22":[0],"23":[11],"24":[0],"25":[3],"26":[3],"27":[1],"28":[0],"29":[11],"30":[11],"31":[0],"32":[11],"33":[0],"34":[0],"35":[11],"36":[0],"37":[10],"38":[10],"39":[1],"40":[1],"41":[1],"42":[11],"43":[11],"44":[8],"45":[0],"46":[0],"47":[11],"48":[0],"49":[0],"50":[10],"51":[11],"52":[1],"53":[19],"54":[11],"55":[2],"56":[2],"57":[10],"58":[17],"59":[1],"60":[2],"61":[4],"62":[1],"63":[1],"64":[2],"65":[4],"66":[1],"67":[1],"68":[1],"69":[1],"70":[1],"71":[3],"72":[1],"73":[2],"74":[1],"75":[19],"76":[9],"77":[17],"78":[1],"79":[2],"80":[0],"81":[1],"82":[0]},"fnMap":{"0":{"name":"preprocessDocument","decl":{"start":{"line":9,"column":0},"end":{"line":35,"column":1}},"loc":{"start":{"line":9,"column":0},"end":{"line":35,"column":1}},"line":9},"1":{"name":"hasStructuredContent","decl":{"start":{"line":41,"column":0},"end":{"line":49,"column":1}},"loc":{"start":{"line":41,"column":0},"end":{"line":49,"column":1}},"line":41},"2":{"name":"findMainContent","decl":{"start":{"line":55,"column":0},"end":{"line":87,"column":1}},"loc":{"start":{"line":55,"column":0},"end":{"line":87,"column":1}},"line":55},"3":{"name":"extractPageContent","decl":{"start":{"line":92,"column":7},"end":{"line":196,"column":1}},"loc":{"start":{"line":92,"column":7},"end":{"line":196,"column":1}},"line":92},"4":{"name":"extractTags","decl":{"start":{"line":201,"column":0},"end":{"line":220,"column":1}},"loc":{"start":{"line":201,"column":0},"end":{"line":220,"column":1}},"line":201},"5":{"name":"extractMetadata","decl":{"start":{"line":225,"column":7},"end":{"line":264,"column":1}},"loc":{"start":{"line":225,"column":7},"end":{"line":264,"column":1}},"line":225},"6":{"name":"getSelectedText","decl":{"start":{"line":269,"column":7},"end":{"line":272,"column":1}},"loc":{"start":{"line":269,"column":7},"end":{"line":272,"column":1}},"line":269},"7":{"name":"getSelectedHtml","decl":{"start":{"line":277,"column":7},"end":{"line":286,"column":1}},"loc":{"start":{"line":277,"column":7},"end":{"line":286,"column":1}},"line":277},"8":{"name":"getSelectedMarkdown","decl":{"start":{"line":291,"column":7},"end":{"line":296,"column":1}},"loc":{"start":{"line":291,"column":7},"end":{"line":296,"column":1}},"line":291}},"f":{"0":12,"1":24,"2":1,"3":12,"4":11,"5":17,"6":1,"7":2,"8":1}}
,"/Users/rajatkulkarni/Documents/projects/octarine-extension/src/utils/markdown-converter.ts": {"path":"/Users/rajatkulkarni/Documents/projects/octarine-extension/src/utils/markdown-converter.ts","all":false,"statementMap":{"0":{"start":{"line":1,"column":0},"end":{"line":1,"column":39}},"3":{"start":{"line":4,"column":0},"end":{"line":4,"column":32}},"5":{"start":{"line":6,"column":0},"end":{"line":6,"column":47}},"6":{"start":{"line":7,"column":0},"end":{"line":7,"column":23}},"7":{"start":{"line":8,"column":0},"end":{"line":8,"column":1}},"12":{"start":{"line":13,"column":0},"end":{"line":13,"column":59}},"13":{"start":{"line":14,"column":0},"end":{"line":14,"column":22}},"16":{"start":{"line":17,"column":0},"end":{"line":17,"column":91}},"17":{"start":{"line":18,"column":0},"end":{"line":18,"column":15}},"18":{"start":{"line":19,"column":0},"end":{"line":19,"column":3}},"21":{"start":{"line":22,"column":0},"end":{"line":22,"column":29}},"22":{"start":{"line":23,"column":0},"end":{"line":23,"column":26}},"23":{"start":{"line":24,"column":0},"end":{"line":24,"column":3}},"26":{"start":{"line":27,"column":0},"end":{"line":27,"column":7}},"27":{"start":{"line":28,"column":0},"end":{"line":28,"column":38}},"28":{"start":{"line":29,"column":0},"end":{"line":29,"column":11}},"29":{"start":{"line":30,"column":0},"end":{"line":30,"column":15}},"30":{"start":{"line":31,"column":0},"end":{"line":31,"column":3}},"31":{"start":{"line":32,"column":0},"end":{"line":32,"column":1}},"37":{"start":{"line":38,"column":0},"end":{"line":38,"column":52}},"39":{"start":{"line":40,"column":0},"end":{"line":40,"column":24}},"40":{"start":{"line":41,"column":0},"end":{"line":41,"column":15}},"41":{"start":{"line":42,"column":0},"end":{"line":42,"column":21}},"42":{"start":{"line":43,"column":0},"end":{"line":43,"column":20}},"43":{"start":{"line":44,"column":0},"end":{"line":44,"column":22}},"44":{"start":{"line":45,"column":0},"end":{"line":45,"column":20}},"45":{"start":{"line":46,"column":0},"end":{"line":46,"column":17}},"46":{"start":{"line":47,"column":0},"end":{"line":47,"column":4}},"48":{"start":{"line":49,"column":0},"end":{"line":49,"column":36}},"49":{"start":{"line":50,"column":0},"end":{"line":50,"column":41}},"50":{"start":{"line":51,"column":0},"end":{"line":51,"column":94}},"51":{"start":{"line":52,"column":0},"end":{"line":52,"column":19}},"52":{"start":{"line":53,"column":0},"end":{"line":53,"column":5}},"53":{"start":{"line":54,"column":0},"end":{"line":54,"column":3}},"56":{"start":{"line":57,"column":0},"end":{"line":57,"column":79}},"57":{"start":{"line":58,"column":0},"end":{"line":58,"column":15}},"58":{"start":{"line":59,"column":0},"end":{"line":59,"column":57}},"60":{"start":{"line":61,"column":0},"end":{"line":61,"column":51}},"61":{"start":{"line":62,"column":0},"end":{"line":62,"column":48}},"62":{"start":{"line":63,"column":0},"end":{"line":63,"column":19}},"63":{"start":{"line":64,"column":0},"end":{"line":64,"column":25}},"64":{"start":{"line":65,"column":0},"end":{"line":65,"column":5}},"65":{"start":{"line":66,"column":0},"end":{"line":66,"column":3}},"68":{"start":{"line":69,"column":0},"end":{"line":69,"column":39}},"69":{"start":{"line":70,"column":0},"end":{"line":70,"column":1}},"72":{"start":{"line":73,"column":0},"end":{"line":73,"column":45}},"73":{"start":{"line":74,"column":0},"end":{"line":74,"column":22}},"74":{"start":{"line":75,"column":0},"end":{"line":75,"column":12}},"75":{"start":{"line":76,"column":0},"end":{"line":76,"column":24}},"76":{"start":{"line":77,"column":0},"end":{"line":77,"column":27}},"77":{"start":{"line":78,"column":0},"end":{"line":78,"column":19}},"78":{"start":{"line":79,"column":0},"end":{"line":79,"column":3}},"81":{"start":{"line":82,"column":0},"end":{"line":82,"column":34}},"82":{"start":{"line":83,"column":0},"end":{"line":83,"column":16}},"83":{"start":{"line":84,"column":0},"end":{"line":84,"column":36}},"84":{"start":{"line":85,"column":0},"end":{"line":85,"column":36}},"85":{"start":{"line":86,"column":0},"end":{"line":86,"column":37}},"87":{"start":{"line":88,"column":0},"end":{"line":88,"column":24}},"90":{"start":{"line":91,"column":0},"end":{"line":91,"column":44}},"91":{"start":{"line":92,"column":0},"end":{"line":92,"column":46}},"92":{"start":{"line":93,"column":0},"end":{"line":93,"column":81}},"93":{"start":{"line":94,"column":0},"end":{"line":94,"column":16}},"94":{"start":{"line":95,"column":0},"end":{"line":95,"column":5}},"97":{"start":{"line":98,"column":0},"end":{"line":98,"column":54}},"98":{"start":{"line":99,"column":0},"end":{"line":99,"column":16}},"99":{"start":{"line":100,"column":0},"end":{"line":100,"column":5}},"101":{"start":{"line":102,"column":0},"end":{"line":102,"column":56}},"102":{"start":{"line":103,"column":0},"end":{"line":103,"column":75}},"105":{"start":{"line":106,"column":0},"end":{"line":106,"column":53}},"107":{"start":{"line":108,"column":0},"end":{"line":108,"column":44}},"108":{"start":{"line":109,"column":0},"end":{"line":109,"column":4}},"109":{"start":{"line":110,"column":0},"end":{"line":110,"column":3}},"112":{"start":{"line":113,"column":0},"end":{"line":113,"column":44}},"113":{"start":{"line":114,"column":0},"end":{"line":114,"column":21}},"114":{"start":{"line":115,"column":0},"end":{"line":115,"column":12}},"115":{"start":{"line":116,"column":0},"end":{"line":116,"column":32}},"116":{"start":{"line":117,"column":0},"end":{"line":117,"column":33}},"117":{"start":{"line":118,"column":0},"end":{"line":118,"column":41}},"119":{"start":{"line":120,"column":0},"end":{"line":120,"column":4}},"120":{"start":{"line":121,"column":0},"end":{"line":121,"column":36}},"121":{"start":{"line":122,"column":0},"end":{"line":122,"column":52}},"122":{"start":{"line":123,"column":0},"end":{"line":123,"column":59}},"123":{"start":{"line":124,"column":0},"end":{"line":124,"column":60}},"124":{"start":{"line":125,"column":0},"end":{"line":125,"column":59}},"125":{"start":{"line":126,"column":0},"end":{"line":126,"column":44}},"126":{"start":{"line":127,"column":0},"end":{"line":127,"column":52}},"127":{"start":{"line":128,"column":0},"end":{"line":128,"column":4}},"128":{"start":{"line":129,"column":0},"end":{"line":129,"column":3}},"131":{"start":{"line":132,"column":0},"end":{"line":132,"column":42}},"132":{"start":{"line":133,"column":0},"end":{"line":133,"column":23}},"133":{"start":{"line":134,"column":0},"end":{"line":134,"column":45}},"134":{"start":{"line":135,"column":0},"end":{"line":135,"column":3}},"137":{"start":{"line":138,"column":0},"end":{"line":138,"column":48}},"138":{"start":{"line":139,"column":0},"end":{"line":139,"column":47}},"139":{"start":{"line":140,"column":0},"end":{"line":140,"column":45}},"140":{"start":{"line":141,"column":0},"end":{"line":141,"column":3}},"143":{"start":{"line":144,"column":0},"end":{"line":144,"column":38}},"144":{"start":{"line":145,"column":0},"end":{"line":145,"column":19}},"145":{"start":{"line":146,"column":0},"end":{"line":146,"column":45}},"146":{"start":{"line":147,"column":0},"end":{"line":147,"column":3}},"149":{"start":{"line":150,"column":0},"end":{"line":150,"column":34}},"150":{"start":{"line":151,"column":0},"end":{"line":151,"column":18}},"151":{"start":{"line":152,"column":0},"end":{"line":152,"column":36}},"152":{"start":{"line":153,"column":0},"end":{"line":153,"column":43}},"153":{"start":{"line":154,"column":0},"end":{"line":154,"column":58}},"155":{"start":{"line":156,"column":0},"end":{"line":156,"column":37}},"157":{"start":{"line":158,"column":0},"end":{"line":158,"column":32}},"159":{"start":{"line":160,"column":0},"end":{"line":160,"column":37}},"160":{"start":{"line":161,"column":0},"end":{"line":161,"column":63}},"161":{"start":{"line":162,"column":0},"end":{"line":162,"column":48}},"162":{"start":{"line":163,"column":0},"end":{"line":163,"column":74}},"163":{"start":{"line":164,"column":0},"end":{"line":164,"column":20}},"164":{"start":{"line":165,"column":0},"end":{"line":165,"column":9}},"166":{"start":{"line":167,"column":0},"end":{"line":167,"column":53}},"169":{"start":{"line":170,"column":0},"end":{"line":170,"column":54}},"170":{"start":{"line":171,"column":0},"end":{"line":171,"column":65}},"171":{"start":{"line":172,"column":0},"end":{"line":172,"column":34}},"172":{"start":{"line":173,"column":0},"end":{"line":173,"column":65}},"173":{"start":{"line":174,"column":0},"end":{"line":174,"column":7}},"174":{"start":{"line":175,"column":0},"end":{"line":175,"column":7}},"176":{"start":{"line":177,"column":0},"end":{"line":177,"column":38}},"177":{"start":{"line":178,"column":0},"end":{"line":178,"column":4}},"178":{"start":{"line":179,"column":0},"end":{"line":179,"column":3}},"181":{"start":{"line":182,"column":0},"end":{"line":182,"column":35}},"182":{"start":{"line":183,"column":0},"end":{"line":183,"column":19}},"183":{"start":{"line":184,"column":0},"end":{"line":184,"column":36}},"184":{"start":{"line":185,"column":0},"end":{"line":185,"column":39}},"185":{"start":{"line":186,"column":0},"end":{"line":186,"column":44}},"186":{"start":{"line":187,"column":0},"end":{"line":187,"column":58}},"188":{"start":{"line":189,"column":0},"end":{"line":189,"column":24}},"190":{"start":{"line":191,"column":0},"end":{"line":191,"column":37}},"191":{"start":{"line":192,"column":0},"end":{"line":192,"column":24}},"193":{"start":{"line":194,"column":0},"end":{"line":194,"column":56}},"194":{"start":{"line":195,"column":0},"end":{"line":195,"column":81}},"195":{"start":{"line":196,"column":0},"end":{"line":196,"column":53}},"197":{"start":{"line":198,"column":0},"end":{"line":198,"column":50}},"198":{"start":{"line":199,"column":0},"end":{"line":199,"column":21}},"199":{"start":{"line":200,"column":0},"end":{"line":200,"column":56}},"200":{"start":{"line":201,"column":0},"end":{"line":201,"column":5}},"202":{"start":{"line":203,"column":0},"end":{"line":203,"column":27}},"203":{"start":{"line":204,"column":0},"end":{"line":204,"column":4}},"204":{"start":{"line":205,"column":0},"end":{"line":205,"column":3}},"207":{"start":{"line":208,"column":0},"end":{"line":208,"column":47}},"208":{"start":{"line":209,"column":0},"end":{"line":209,"column":21}},"209":{"start":{"line":210,"column":0},"end":{"line":210,"column":71}},"210":{"start":{"line":211,"column":0},"end":{"line":211,"column":4}},"211":{"start":{"line":212,"column":0},"end":{"line":212,"column":35}},"212":{"start":{"line":213,"column":0},"end":{"line":213,"column":60}},"213":{"start":{"line":214,"column":0},"end":{"line":214,"column":65}},"214":{"start":{"line":215,"column":0},"end":{"line":215,"column":60}},"215":{"start":{"line":216,"column":0},"end":{"line":216,"column":4}},"216":{"start":{"line":217,"column":0},"end":{"line":217,"column":3}},"218":{"start":{"line":219,"column":0},"end":{"line":219,"column":54}},"219":{"start":{"line":220,"column":0},"end":{"line":220,"column":40}},"220":{"start":{"line":221,"column":0},"end":{"line":221,"column":1}},"222":{"start":{"line":223,"column":0},"end":{"line":223,"column":57}},"223":{"start":{"line":224,"column":0},"end":{"line":224,"column":17}},"225":{"start":{"line":226,"column":0},"end":{"line":226,"column":31}},"227":{"start":{"line":228,"column":0},"end":{"line":228,"column":12}},"228":{"start":{"line":229,"column":0},"end":{"line":229,"column":1}}},"s":{"0":1,"3":1,"5":1,"6":58,"7":58,"12":18,"13":18,"16":18,"17":14,"18":14,"21":18,"22":1,"23":1,"26":3,"27":3,"28":18,"29":0,"30":0,"31":18,"37":20,"39":20,"40":20,"41":20,"42":20,"43":20,"44":20,"45":20,"46":20,"48":20,"49":108,"50":108,"51":3,"52":3,"53":108,"56":20,"57":20,"58":1,"60":1,"61":1,"62":1,"63":1,"64":1,"65":1,"68":20,"69":20,"72":1,"73":1,"74":1,"75":1,"76":1,"77":1,"78":1,"81":1,"82":1,"83":1,"84":17,"85":17,"87":17,"90":17,"91":17,"92":17,"93":1,"94":1,"97":17,"98":1,"99":1,"101":15,"102":17,"105":17,"107":17,"108":17,"109":1,"112":1,"113":1,"114":147,"115":147,"116":3,"117":3,"119":147,"120":1,"121":3,"122":3,"123":3,"124":3,"125":3,"126":3,"127":3,"128":1,"131":1,"132":1,"133":1,"134":1,"137":1,"138":1,"139":1,"140":1,"143":1,"144":1,"145":1,"146":1,"149":1,"150":1,"151":1,"152":3,"153":3,"155":3,"157":3,"159":3,"160":6,"161":6,"162":10,"163":10,"164":6,"166":6,"169":6,"170":2,"171":6,"172":1,"173":1,"174":3,"176":3,"177":3,"178":1,"181":1,"182":1,"183":1,"184":4,"185":4,"186":4,"188":4,"190":3,"191":4,"193":3,"194":4,"195":4,"197":4,"198":4,"199":3,"200":3,"202":3,"203":4,"204":1,"207":1,"208":1,"209":159,"210":159,"211":1,"212":1,"213":1,"214":1,"215":1,"216":1,"218":1,"219":51,"220":51,"222":1,"223":18,"225":18,"227":18,"228":18},"branchMap":{"0":{"type":"branch","line":6,"loc":{"start":{"line":6,"column":7},"end":{"line":8,"column":1}},"locations":[{"start":{"line":6,"column":7},"end":{"line":8,"column":1}}]},"1":{"type":"branch","line":13,"loc":{"start":{"line":13,"column":0},"end":{"line":32,"column":1}},"locations":[{"start":{"line":13,"column":0},"end":{"line":32,"column":1}}]},"2":{"type":"branch","line":14,"loc":{"start":{"line":14,"column":12},"end":{"line":14,"column":22}},"locations":[{"start":{"line":14,"column":12},"end":{"line":14,"column":22}}]},"3":{"type":"branch","line":17,"loc":{"start":{"line":17,"column":60},"end":{"line":17,"column":90}},"locations":[{"start":{"line":17,"column":60},"end":{"line":17,"column":90}}]},"4":{"type":"branch","line":17,"loc":{"start":{"line":17,"column":90},"end":{"line":19,"column":3}},"locations":[{"start":{"line":17,"column":90},"end":{"line":19,"column":3}}]},"5":{"type":"branch","line":19,"loc":{"start":{"line":19,"column":2},"end":{"line":22,"column":28}},"locations":[{"start":{"line":19,"column":2},"end":{"line":22,"column":28}}]},"6":{"type":"branch","line":22,"loc":{"start":{"line":22,"column":28},"end":{"line":24,"column":3}},"locations":[{"start":{"line":22,"column":28},"end":{"line":24,"column":3}}]},"7":{"type":"branch","line":24,"loc":{"start":{"line":24,"column":2},"end":{"line":29,"column":10}},"locations":[{"start":{"line":24,"column":2},"end":{"line":29,"column":10}}]},"8":{"type":"branch","line":29,"loc":{"start":{"line":29,"column":2},"end":{"line":31,"column":3}},"locations":[{"start":{"line":29,"column":2},"end":{"line":31,"column":3}}]},"9":{"type":"branch","line":38,"loc":{"start":{"line":38,"column":0},"end":{"line":70,"column":1}},"locations":[{"start":{"line":38,"column":0},"end":{"line":70,"column":1}}]},"10":{"type":"branch","line":49,"loc":{"start":{"line":49,"column":35},"end":{"line":54,"column":3}},"locations":[{"start":{"line":49,"column":35},"end":{"line":54,"column":3}}]},"11":{"type":"branch","line":51,"loc":{"start":{"line":51,"column":8},"end":{"line":51,"column":56}},"locations":[{"start":{"line":51,"column":8},"end":{"line":51,"column":56}}]},"12":{"type":"branch","line":51,"loc":{"start":{"line":51,"column":51},"end":{"line":51,"column":93}},"locations":[{"start":{"line":51,"column":51},"end":{"line":51,"column":93}}]},"13":{"type":"branch","line":51,"loc":{"start":{"line":51,"column":93},"end":{"line":53,"column":5}},"locations":[{"start":{"line":51,"column":93},"end":{"line":53,"column":5}}]},"14":{"type":"branch","line":54,"loc":{"start":{"line":54,"column":2},"end":{"line":57,"column":47}},"locations":[{"start":{"line":54,"column":2},"end":{"line":57,"column":47}}]},"15":{"type":"branch","line":57,"loc":{"start":{"line":57,"column":42},"end":{"line":57,"column":79}},"locations":[{"start":{"line":57,"column":42},"end":{"line":57,"column":79}}]},"16":{"type":"branch","line":58,"loc":{"start":{"line":58,"column":14},"end":{"line":66,"column":3}},"locations":[{"start":{"line":58,"column":14},"end":{"line":66,"column":3}}]},"17":{"type":"branch","line":66,"loc":{"start":{"line":66,"column":2},"end":{"line":69,"column":36}},"locations":[{"start":{"line":66,"column":2},"end":{"line":69,"column":36}}]},"18":{"type":"branch","line":69,"loc":{"start":{"line":69,"column":31},"end":{"line":69,"column":39}},"locations":[{"start":{"line":69,"column":31},"end":{"line":69,"column":39}}]},"19":{"type":"branch","line":59,"loc":{"start":{"line":59,"column":42},"end":{"line":59,"column":55}},"locations":[{"start":{"line":59,"column":42},"end":{"line":59,"column":55}}]},"20":{"type":"branch","line":84,"loc":{"start":{"line":84,"column":15},"end":{"line":109,"column":4}},"locations":[{"start":{"line":84,"column":15},"end":{"line":109,"column":4}}]},"21":{"type":"branch","line":88,"loc":{"start":{"line":88,"column":14},"end":{"line":88,"column":24}},"locations":[{"start":{"line":88,"column":14},"end":{"line":88,"column":24}}]},"22":{"type":"branch","line":93,"loc":{"start":{"line":93,"column":19},"end":{"line":93,"column":45}},"locations":[{"start":{"line":93,"column":19},"end":{"line":93,"column":45}}]},"23":{"type":"branch","line":93,"loc":{"start":{"line":93,"column":36},"end":{"line":93,"column":80}},"locations":[{"start":{"line":93,"column":36},"end":{"line":93,"column":80}}]},"24":{"type":"branch","line":93,"loc":{"start":{"line":93,"column":56},"end":{"line":93,"column":80}},"locations":[{"start":{"line":93,"column":56},"end":{"line":93,"column":80}}]},"25":{"type":"branch","line":93,"loc":{"start":{"line":93,"column":80},"end":{"line":95,"column":5}},"locations":[{"start":{"line":93,"column":80},"end":{"line":95,"column":5}}]},"26":{"type":"branch","line":95,"loc":{"start":{"line":95,"column":4},"end":{"line":98,"column":35}},"locations":[{"start":{"line":95,"column":4},"end":{"line":98,"column":35}}]},"27":{"type":"branch","line":98,"loc":{"start":{"line":98,"column":30},"end":{"line":98,"column":53}},"locations":[{"start":{"line":98,"column":30},"end":{"line":98,"column":53}}]},"28":{"type":"branch","line":98,"loc":{"start":{"line":98,"column":53},"end":{"line":100,"column":5}},"locations":[{"start":{"line":98,"column":53},"end":{"line":100,"column":5}}]},"29":{"type":"branch","line":100,"loc":{"start":{"line":100,"column":4},"end":{"line":103,"column":43}},"locations":[{"start":{"line":100,"column":4},"end":{"line":103,"column":43}}]},"30":{"type":"branch","line":103,"loc":{"start":{"line":103,"column":38},"end":{"line":103,"column":72}},"locations":[{"start":{"line":103,"column":38},"end":{"line":103,"column":72}}]},"31":{"type":"branch","line":103,"loc":{"start":{"line":103,"column":67},"end":{"line":103,"column":75}},"locations":[{"start":{"line":103,"column":67},"end":{"line":103,"column":75}}]},"32":{"type":"branch","line":114,"loc":{"start":{"line":114,"column":10},"end":{"line":120,"column":4}},"locations":[{"start":{"line":114,"column":10},"end":{"line":120,"column":4}}]},"33":{"type":"branch","line":116,"loc":{"start":{"line":116,"column":24},"end":{"line":117,"column":33}},"locations":[{"start":{"line":116,"column":24},"end":{"line":117,"column":33}}]},"34":{"type":"branch","line":117,"loc":{"start":{"line":117,"column":26},"end":{"line":118,"column":41}},"locations":[{"start":{"line":117,"column":26},"end":{"line":118,"column":41}}]},"35":{"type":"branch","line":121,"loc":{"start":{"line":121,"column":15},"end":{"line":128,"column":4}},"locations":[{"start":{"line":121,"column":15},"end":{"line":128,"column":4}}]},"36":{"type":"branch","line":123,"loc":{"start":{"line":123,"column":51},"end":{"line":123,"column":59}},"locations":[{"start":{"line":123,"column":51},"end":{"line":123,"column":59}}]},"37":{"type":"branch","line":125,"loc":{"start":{"line":125,"column":21},"end":{"line":125,"column":56}},"locations":[{"start":{"line":125,"column":21},"end":{"line":125,"column":56}}]},"38":{"type":"branch","line":125,"loc":{"start":{"line":125,"column":52},"end":{"line":125,"column":59}},"locations":[{"start":{"line":125,"column":52},"end":{"line":125,"column":59}}]},"39":{"type":"branch","line":126,"loc":{"start":{"line":126,"column":26},"end":{"line":126,"column":44}},"locations":[{"start":{"line":126,"column":26},"end":{"line":126,"column":44}}]},"40":{"type":"branch","line":134,"loc":{"start":{"line":134,"column":15},"end":{"line":134,"column":45}},"locations":[{"start":{"line":134,"column":15},"end":{"line":134,"column":45}}]},"41":{"type":"branch","line":139,"loc":{"start":{"line":139,"column":10},"end":{"line":139,"column":47}},"locations":[{"start":{"line":139,"column":10},"end":{"line":139,"column":47}}]},"42":{"type":"branch","line":140,"loc":{"start":{"line":140,"column":15},"end":{"line":140,"column":45}},"locations":[{"start":{"line":140,"column":15},"end":{"line":140,"column":45}}]},"43":{"type":"branch","line":146,"loc":{"start":{"line":146,"column":15},"end":{"line":146,"column":45}},"locations":[{"start":{"line":146,"column":15},"end":{"line":146,"column":45}}]},"44":{"type":"branch","line":152,"loc":{"start":{"line":152,"column":15},"end":{"line":178,"column":4}},"locations":[{"start":{"line":152,"column":15},"end":{"line":178,"column":4}}]},"45":{"type":"branch","line":156,"loc":{"start":{"line":156,"column":27},"end":{"line":156,"column":37}},"locations":[{"start":{"line":156,"column":27},"end":{"line":156,"column":37}}]},"46":{"type":"branch","line":160,"loc":{"start":{"line":160,"column":17},"end":{"line":175,"column":5}},"locations":[{"start":{"line":160,"column":17},"end":{"line":175,"column":5}}]},"47":{"type":"branch","line":170,"loc":{"start":{"line":170,"column":23},"end":{"line":170,"column":53}},"locations":[{"start":{"line":170,"column":23},"end":{"line":170,"column":53}}]},"48":{"type":"branch","line":170,"loc":{"start":{"line":170,"column":53},"end":{"line":172,"column":17}},"locations":[{"start":{"line":170,"column":53},"end":{"line":172,"column":17}}]},"49":{"type":"branch","line":172,"loc":{"start":{"line":172,"column":6},"end":{"line":174,"column":7}},"locations":[{"start":{"line":172,"column":6},"end":{"line":174,"column":7}}]},"50":{"type":"branch","line":172,"loc":{"start":{"line":172,"column":33},"end":{"line":174,"column":7}},"locations":[{"start":{"line":172,"column":33},"end":{"line":174,"column":7}}]},"51":{"type":"branch","line":162,"loc":{"start":{"line":162,"column":37},"end":{"line":165,"column":7}},"locations":[{"start":{"line":162,"column":37},"end":{"line":165,"column":7}}]},"52":{"type":"branch","line":163,"loc":{"start":{"line":163,"column":66},"end":{"line":163,"column":74}},"locations":[{"start":{"line":163,"column":66},"end":{"line":163,"column":74}}]},"53":{"type":"branch","line":171,"loc":{"start":{"line":171,"column":35},"end":{"line":171,"column":46}},"locations":[{"start":{"line":171,"column":35},"end":{"line":171,"column":46}}]},"54":{"type":"branch","line":173,"loc":{"start":{"line":173,"column":35},"end":{"line":173,"column":46}},"locations":[{"start":{"line":173,"column":35},"end":{"line":173,"column":46}}]},"55":{"type":"branch","line":184,"loc":{"start":{"line":184,"column":15},"end":{"line":204,"column":4}},"locations":[{"start":{"line":184,"column":15},"end":{"line":204,"column":4}}]},"56":{"type":"branch","line":189,"loc":{"start":{"line":189,"column":14},"end":{"line":189,"column":24}},"locations":[{"start":{"line":189,"column":14},"end":{"line":189,"column":24}}]},"57":{"type":"branch","line":189,"loc":{"start":{"line":189,"column":21},"end":{"line":192,"column":21}},"locations":[{"start":{"line":189,"column":21},"end":{"line":192,"column":21}}]},"58":{"type":"branch","line":192,"loc":{"start":{"line":192,"column":14},"end":{"line":192,"column":24}},"locations":[{"start":{"line":192,"column":14},"end":{"line":192,"column":24}}]},"59":{"type":"branch","line":192,"loc":{"
[...]
12,"column":19}},"112":{"start":{"line":113,"column":0},"end":{"line":113,"column":29}},"113":{"start":{"line":114,"column":0},"end":{"line":114,"column":25}},"114":{"start":{"line":115,"column":0},"end":{"line":115,"column":12}},"115":{"start":{"line":116,"column":0},"end":{"line":116,"column":52}},"116":{"start":{"line":117,"column":0},"end":{"line":117,"column":5}},"117":{"start":{"line":118,"column":0},"end":{"line":118,"column":3}},"119":{"start":{"line":120,"column":0},"end":{"line":120,"column":18}},"120":{"start":{"line":121,"column":0},"end":{"line":121,"column":1}}},"s":{"13":1,"14":40,"15":40,"16":40,"17":40,"20":33,"22":33,"23":31,"26":31,"27":31,"28":6,"29":31,"30":31,"31":5,"32":31,"33":6,"34":31,"35":1,"36":31,"37":2,"38":31,"39":3,"40":31,"41":1,"42":31,"43":5,"44":31,"45":1,"46":31,"48":1,"51":0,"52":0,"53":0,"54":0,"55":0,"56":0,"57":1,"58":31,"59":33,"60":33,"65":1,"66":5,"67":5,"68":5,"69":5,"70":20,"71":20,"72":20,"73":20,"74":5,"75":5,"80":1,"81":6,"82":6,"83":6,"85":6,"86":10,"88":3,"89":3,"90":3,"91":3,"92":10,"93":7,"94":7,"95":10,"97":6,"98":6,"103":1,"104":4,"105":4,"106":4,"108":4,"109":7,"110":2,"111":2,"112":2,"113":2,"114":7,"115":5,"116":5,"117":7,"119":4,"120":4},"branchMap":{"0":{"type":"branch","line":14,"loc":{"start":{"line":14,"column":7},"end":{"line":61,"column":1}},"locations":[{"start":{"line":14,"column":7},"end":{"line":61,"column":1}}]},"1":{"type":"branch","line":18,"loc":{"start":{"line":18,"column":7},"end":{"line":18,"column":30}},"locations":[{"start":{"line":18,"column":7},"end":{"line":18,"column":30}}]},"2":{"type":"branch","line":18,"loc":{"start":{"line":18,"column":30},"end":{"line":18,"column":52}},"locations":[{"start":{"line":18,"column":30},"end":{"line":18,"column":52}}]},"3":{"type":"branch","line":18,"loc":{"start":{"line":18,"column":37},"end":{"line":18,"column":52}},"locations":[{"start":{"line":18,"column":37},"end":{"line":18,"column":52}}]},"4":{"type":"branch","line":18,"loc":{"start":{"line":18,"column":49},"end":{"line":61,"column":1}},"locations":[{"start":{"line":18,"column":49},"end":{"line":61,"column":1}}]},"5":{"type":"branch","line":23,"loc":{"start":{"line":23,"column":43},"end":{"line":60,"column":3}},"locations":[{"start":{"line":23,"column":43},"end":{"line":60,"column":3}}]},"6":{"type":"branch","line":28,"loc":{"start":{"line":28,"column":6},"end":{"line":29,"column":36}},"locations":[{"start":{"line":28,"column":6},"end":{"line":29,"column":36}}]},"7":{"type":"branch","line":29,"loc":{"start":{"line":29,"column":24},"end":{"line":29,"column":36}},"locations":[{"start":{"line":29,"column":24},"end":{"line":29,"column":36}}]},"8":{"type":"branch","line":30,"loc":{"start":{"line":30,"column":6},"end":{"line":30,"column":17}},"locations":[{"start":{"line":30,"column":6},"end":{"line":30,"column":17}}]},"9":{"type":"branch","line":31,"loc":{"start":{"line":31,"column":6},"end":{"line":32,"column":34}},"locations":[{"start":{"line":31,"column":6},"end":{"line":32,"column":34}}]},"10":{"type":"branch","line":32,"loc":{"start":{"line":32,"column":24},"end":{"line":32,"column":34}},"locations":[{"start":{"line":32,"column":24},"end":{"line":32,"column":34}}]},"11":{"type":"branch","line":33,"loc":{"start":{"line":33,"column":6},"end":{"line":34,"column":66}},"locations":[{"start":{"line":33,"column":6},"end":{"line":34,"column":66}}]},"12":{"type":"branch","line":34,"loc":{"start":{"line":34,"column":24},"end":{"line":34,"column":63}},"locations":[{"start":{"line":34,"column":24},"end":{"line":34,"column":63}}]},"13":{"type":"branch","line":34,"loc":{"start":{"line":34,"column":53},"end":{"line":34,"column":66}},"locations":[{"start":{"line":34,"column":53},"end":{"line":34,"column":66}}]},"14":{"type":"branch","line":35,"loc":{"start":{"line":35,"column":6},"end":{"line":36,"column":112}},"locations":[{"start":{"line":35,"column":6},"end":{"line":36,"column":112}}]},"15":{"type":"branch","line":36,"loc":{"start":{"line":36,"column":24},"end":{"line":36,"column":73}},"locations":[{"start":{"line":36,"column":24},"end":{"line":36,"column":73}}]},"16":{"type":"branch","line":36,"loc":{"start":{"line":36,"column":60},"end":{"line":36,"column":112}},"locations":[{"start":{"line":36,"column":60},"end":{"line":36,"column":112}}]},"17":{"type":"branch","line":37,"loc":{"start":{"line":37,"column":6},"end":{"line":38,"column":76}},"locations":[{"start":{"line":37,"column":6},"end":{"line":38,"column":76}}]},"18":{"type":"branch","line":38,"loc":{"start":{"line":38,"column":24},"end":{"line":38,"column":73}},"locations":[{"start":{"line":38,"column":24},"end":{"line":38,"column":73}}]},"19":{"type":"branch","line":38,"loc":{"start":{"line":38,"column":58},"end":{"line":38,"column":76}},"locations":[{"start":{"line":38,"column":58},"end":{"line":38,"column":76}}]},"20":{"type":"branch","line":39,"loc":{"start":{"line":39,"column":6},"end":{"line":40,"column":70}},"locations":[{"start":{"line":39,"column":6},"end":{"line":40,"column":70}}]},"21":{"type":"branch","line":40,"loc":{"start":{"line":40,"column":24},"end":{"line":40,"column":67}},"locations":[{"start":{"line":40,"column":24},"end":{"line":40,"column":67}}]},"22":{"type":"branch","line":40,"loc":{"start":{"line":40,"column":55},"end":{"line":40,"column":70}},"locations":[{"start":{"line":40,"column":55},"end":{"line":40,"column":70}}]},"23":{"type":"branch","line":41,"loc":{"start":{"line":41,"column":6},"end":{"line":42,"column":40}},"locations":[{"start":{"line":41,"column":6},"end":{"line":42,"column":40}}]},"24":{"type":"branch","line":43,"loc":{"start":{"line":43,"column":6},"end":{"line":44,"column":57}},"locations":[{"start":{"line":43,"column":6},"end":{"line":44,"column":57}}]},"25":{"type":"branch","line":44,"loc":{"start":{"line":44,"column":34},"end":{"line":44,"column":45}},"locations":[{"start":{"line":44,"column":34},"end":{"line":44,"column":45}}]},"26":{"type":"branch","line":44,"loc":{"start":{"line":44,"column":49},"end":{"line":44,"column":57}},"locations":[{"start":{"line":44,"column":49},"end":{"line":44,"column":57}}]},"27":{"type":"branch","line":45,"loc":{"start":{"line":45,"column":6},"end":{"line":46,"column":46}},"locations":[{"start":{"line":45,"column":6},"end":{"line":46,"column":46}}]},"28":{"type":"branch","line":46,"loc":{"start":{"line":46,"column":34},"end":{"line":46,"column":46}},"locations":[{"start":{"line":46,"column":34},"end":{"line":46,"column":46}}]},"29":{"type":"branch","line":47,"loc":{"start":{"line":47,"column":6},"end":{"line":58,"column":18}},"locations":[{"start":{"line":47,"column":6},"end":{"line":58,"column":18}}]},"30":{"type":"branch","line":49,"loc":{"start":{"line":49,"column":65},"end":{"line":57,"column":9}},"locations":[{"start":{"line":49,"column":65},"end":{"line":57,"column":9}}]},"31":{"type":"branch","line":66,"loc":{"start":{"line":66,"column":7},"end":{"line":76,"column":1}},"locations":[{"start":{"line":66,"column":7},"end":{"line":76,"column":1}}]},"32":{"type":"branch","line":70,"loc":{"start":{"line":70,"column":24},"end":{"line":75,"column":4}},"locations":[{"start":{"line":70,"column":24},"end":{"line":75,"column":4}}]},"33":{"type":"branch","line":81,"loc":{"start":{"line":81,"column":7},"end":{"line":99,"column":1}},"locations":[{"start":{"line":81,"column":7},"end":{"line":99,"column":1}}]},"34":{"type":"branch","line":86,"loc":{"start":{"line":86,"column":33},"end":{"line":96,"column":3}},"locations":[{"start":{"line":86,"column":33},"end":{"line":96,"column":3}}]},"35":{"type":"branch","line":87,"loc":{"start":{"line":87,"column":30},"end":{"line":93,"column":11}},"locations":[{"start":{"line":87,"column":30},"end":{"line":93,"column":11}}]},"36":{"type":"branch","line":93,"loc":{"start":{"line":93,"column":4},"end":{"line":95,"column":5}},"locations":[{"start":{"line":93,"column":4},"end":{"line":95,"column":5}}]},"37":{"type":"branch","line":91,"loc":{"start":{"line":91,"column":13},"end":{"line":91,"column":28}},"locations":[{"start":{"line":91,"column":13},"end":{"line":91,"column":28}}]},"38":{"type":"branch","line":104,"loc":{"start":{"line":104,"column":7},"end":{"line":121,"column":1}},"locations":[{"start":{"line":104,"column":7},"end":{"line":121,"column":1}}]},"39":{"type":"branch","line":109,"loc":{"start":{"line":109,"column":33},"end":{"line":118,"column":3}},"locations":[{"start":{"line":109,"column":33},"end":{"line":118,"column":3}}]},"40":{"type":"branch","line":110,"loc":{"start":{"line":110,"column":30},"end":{"line":115,"column":11}},"locations":[{"start":{"line":110,"column":30},"end":{"line":115,"column":11}}]},"41":{"type":"branch","line":115,"loc":{"start":{"line":115,"column":4},"end":{"line":117,"column":5}},"locations":[{"start":{"line":115,"column":4},"end":{"line":117,"column":5}}]},"42":{"type":"branch","line":116,"loc":{"start":{"line":116,"column":33},"end":{"line":116,"column":52}},"locations":[{"start":{"line":116,"column":33},"end":{"line":116,"column":52}}]},"43":{"type":"branch","line":113,"loc":{"start":{"line":113,"column":13},"end":{"line":113,"column":28}},"locations":[{"start":{"line":113,"column":13},"end":{"line":113,"column":28}}]}},"b":{"0":[40],"1":[39],"2":[7],"3":[1],"4":[33],"5":[31],"6":[6],"7":[0],"8":[4],"9":[5],"10":[0],"11":[6],"12":[1],"13":[0],"14":[1],"15":[0],"16":[0],"17":[2],"18":[1],"19":[0],"20":[3],"21":[0],"22":[0],"23":[1],"24":[5],"25":[4],"26":[1],"27":[1],"28":[0],"29":[1],"30":[0],"31":[5],"32":[20],"33":[6],"34":[10],"35":[3],"36":[7],"37":[11],"38":[4],"39":[7],"40":[2],"41":[5],"42":[2],"43":[5]},"fnMap":{"0":{"name":"resolveTemplateVariable","decl":{"start":{"line":14,"column":7},"end":{"line":61,"column":1}},"loc":{"start":{"line":14,"column":7},"end":{"line":61,"column":1}},"line":14},"1":{"name":"resolveProperties","decl":{"start":{"line":66,"column":7},"end":{"line":76,"column":1}},"loc":{"start":{"line":66,"column":7},"end":{"line":76,"column":1}},"line":66},"2":{"name":"propertiesToRecord","decl":{"start":{"line":81,"column":7},"end":{"line":99,"column":1}},"loc":{"start":{"line":81,"column":7},"end":{"line":99,"column":1}},"line":81},"3":{"name":"propertiesToMetadata","decl":{"start":{"line":104,"column":7},"end":{"line":121,"column":1}},"loc":{"start":{"line":104,"column":7},"end":{"line":121,"column":1}},"line":104}},"f":{"0":40,"1":5,"2":6,"3":4}}
,"/Users/rajatkulkarni/Documents/projects/octarine-extension/src/utils/settings.ts": {"path":"/Users/rajatkulkarni/Documents/projects/octarine-extension/src/utils/settings.ts","all":false,"statementMap":{"0":{"start":{"line":1,"column":0},"end":{"line":1,"column":44}},"2":{"start":{"line":3,"column":0},"end":{"line":3,"column":53}},"4":{"start":{"line":5,"column":0},"end":{"line":5,"column":40}},"7":{"start":{"line":8,"column":0},"end":{"line":8,"column":49}},"9":{"start":{"line":10,"column":0},"end":{"line":10,"column":57}},"10":{"start":{"line":11,"column":0},"end":{"line":11,"column":7}},"11":{"start":{"line":12,"column":0},"end":{"line":12,"column":52}},"12":{"start":{"line":13,"column":0},"end":{"line":13,"column":18}},"13":{"start":{"line":14,"column":0},"end":{"line":14,"column":27}},"14":{"start":{"line":15,"column":0},"end":{"line":15,"column":7}},"17":{"start":{"line":18,"column":0},"end":{"line":18,"column":30}},"18":{"start":{"line":19,"column":0},"end":{"line":19,"column":61}},"19":{"start":{"line":20,"column":0},"end":{"line":20,"column":5}},"22":{"start":{"line":23,"column":0},"end":{"line":23,"column":39}},"23":{"start":{"line":24,"column":0},"end":{"line":24,"column":42}},"24":{"start":{"line":25,"column":0},"end":{"line":25,"column":28}},"25":{"start":{"line":26,"column":0},"end":{"line":26,"column":64}},"26":{"start":{"line":27,"column":0},"end":{"line":27,"column":8}},"28":{"start":{"line":29,"column":0},"end":{"line":29,"column":43}},"30":{"start":{"line":31,"column":0},"end":{"line":31,"column":65}},"31":{"start":{"line":32,"column":0},"end":{"line":32,"column":30}},"32":{"start":{"line":33,"column":0},"end":{"line":33,"column":5}},"34":{"start":{"line":35,"column":0},"end":{"line":35,"column":28}},"35":{"start":{"line":36,"column":0},"end":{"line":36,"column":17}},"36":{"start":{"line":37,"column":0},"end":{"line":37,"column":62}},"37":{"start":{"line":38,"column":0},"end":{"line":38,"column":28}},"38":{"start":{"line":39,"column":0},"end":{"line":39,"column":3}},"39":{"start":{"line":40,"column":0},"end":{"line":40,"column":1}},"41":{"start":{"line":42,"column":0},"end":{"line":42,"column":71}},"42":{"start":{"line":43,"column":0},"end":{"line":43,"column":7}},"43":{"start":{"line":44,"column":0},"end":{"line":44,"column":65}},"44":{"start":{"line":45,"column":0},"end":{"line":45,"column":17}},"45":{"start":{"line":46,"column":0},"end":{"line":46,"column":62}},"46":{"start":{"line":47,"column":0},"end":{"line":47,"column":14}},"47":{"start":{"line":48,"column":0},"end":{"line":48,"column":3}},"48":{"start":{"line":49,"column":0},"end":{"line":49,"column":1}},"50":{"start":{"line":51,"column":0},"end":{"line":51,"column":62}},"51":{"start":{"line":52,"column":0},"end":{"line":52,"column":9}},"52":{"start":{"line":53,"column":0},"end":{"line":53,"column":20}},"53":{"start":{"line":54,"column":0},"end":{"line":54,"column":22}},"54":{"start":{"line":55,"column":0},"end":{"line":55,"column":39}},"55":{"start":{"line":56,"column":0},"end":{"line":56,"column":47}},"56":{"start":{"line":57,"column":0},"end":{"line":57,"column":30}},"57":{"start":{"line":58,"column":0},"end":{"line":58,"column":17}},"58":{"start":{"line":59,"column":0},"end":{"line":59,"column":1}},"60":{"start":{"line":61,"column":0},"end":{"line":61,"column":51}},"61":{"start":{"line":62,"column":0},"end":{"line":62,"column":40}},"63":{"start":{"line":64,"column":0},"end":{"line":64,"column":26}},"65":{"start":{"line":66,"column":0},"end":{"line":66,"column":42}},"66":{"start":{"line":67,"column":0},"end":{"line":67,"column":36}},"67":{"start":{"line":68,"column":0},"end":{"line":68,"column":14}},"68":{"start":{"line":69,"column":0},"end":{"line":69,"column":22}},"69":{"start":{"line":70,"column":0},"end":{"line":70,"column":33}},"70":{"start":{"line":71,"column":0},"end":{"line":71,"column":12}},"71":{"start":{"line":72,"column":0},"end":{"line":72,"column":36}},"72":{"start":{"line":73,"column":0},"end":{"line":73,"column":5}},"73":{"start":{"line":74,"column":0},"end":{"line":74,"column":31}},"74":{"start":{"line":75,"column":0},"end":{"line":75,"column":31}},"75":{"start":{"line":76,"column":0},"end":{"line":76,"column":10}},"76":{"start":{"line":77,"column":0},"end":{"line":77,"column":34}},"77":{"start":{"line":78,"column":0},"end":{"line":78,"column":3}},"78":{"start":{"line":79,"column":0},"end":{"line":79,"column":1}},"80":{"start":{"line":81,"column":0},"end":{"line":81,"column":65}},"81":{"start":{"line":82,"column":0},"end":{"line":82,"column":26}},"82":{"start":{"line":83,"column":0},"end":{"line":83,"column":21}},"83":{"start":{"line":84,"column":0},"end":{"line":84,"column":20}},"84":{"start":{"line":85,"column":0},"end":{"line":85,"column":3}},"86":{"start":{"line":87,"column":0},"end":{"line":87,"column":71}},"87":{"start":{"line":88,"column":0},"end":{"line":88,"column":47}},"88":{"start":{"line":89,"column":0},"end":{"line":89,"column":20}},"89":{"start":{"line":90,"column":0},"end":{"line":90,"column":53}},"90":{"start":{"line":91,"column":0},"end":{"line":91,"column":12}},"91":{"start":{"line":92,"column":0},"end":{"line":92,"column":56}},"92":{"start":{"line":93,"column":0},"end":{"line":93,"column":5}},"93":{"start":{"line":94,"column":0},"end":{"line":94,"column":4}},"96":{"start":{"line":97,"column":0},"end":{"line":97,"column":23}},"99":{"start":{"line":100,"column":0},"end":{"line":100,"column":49}},"101":{"start":{"line":102,"column":0},"end":{"line":102,"column":65}},"102":{"start":{"line":103,"column":0},"end":{"line":103,"column":1}}},"s":{"0":1,"2":1,"4":1,"7":1,"9":0,"10":0,"11":0,"12":0,"13":0,"14":0,"17":0,"18":0,"19":0,"22":0,"23":0,"24":0,"25":0,"26":0,"28":0,"30":0,"31":0,"32":0,"34":0,"35":0,"36":0,"37":0,"38":0,"39":0,"41":0,"42":0,"43":0,"44":0,"45":0,"46":0,"47":0,"48":0,"50":0,"51":0,"52":0,"53":0,"54":0,"55":0,"56":0,"57":0,"58":0,"60":1,"61":9,"63":9,"65":5,"66":5,"67":5,"68":5,"69":1,"70":5,"71":4,"72":4,"73":9,"74":2,"75":2,"76":2,"77":2,"78":9,"80":1,"81":5,"82":2,"83":2,"84":2,"86":3,"87":3,"88":2,"89":1,"90":1,"91":1,"92":1,"93":2,"96":3,"99":3,"101":3,"102":3},"branchMap":{"0":{"type":"branch","line":61,"loc":{"start":{"line":61,"column":7},"end":{"line":79,"column":1}},"locations":[{"start":{"line":61,"column":7},"end":{"line":79,"column":1}}]},"1":{"type":"branch","line":64,"loc":{"start":{"line":64,"column":25},"end":{"line":74,"column":13}},"locations":[{"start":{"line":64,"column":25},"end":{"line":74,"column":13}}]},"2":{"type":"branch","line":69,"loc":{"start":{"line":69,"column":21},"end":{"line":71,"column":11}},"locations":[{"start":{"line":69,"column":21},"end":{"line":71,"column":11}}]},"3":{"type":"branch","line":71,"loc":{"start":{"line":71,"column":4},"end":{"line":73,"column":5}},"locations":[{"start":{"line":71,"column":4},"end":{"line":73,"column":5}}]},"4":{"type":"branch","line":74,"loc":{"start":{"line":74,"column":2},"end":{"line":78,"column":3}},"locations":[{"start":{"line":74,"column":2},"end":{"line":78,"column":3}}]},"5":{"type":"branch","line":74,"loc":{"start":{"line":74,"column":30},"end":{"line":78,"column":3}},"locations":[{"start":{"line":74,"column":30},"end":{"line":78,"column":3}}]},"6":{"type":"branch","line":81,"loc":{"start":{"line":81,"column":7},"end":{"line":103,"column":1}},"locations":[{"start":{"line":81,"column":7},"end":{"line":103,"column":1}}]},"7":{"type":"branch","line":82,"loc":{"start":{"line":82,"column":25},"end":{"line":85,"column":3}},"locations":[{"start":{"line":82,"column":25},"end":{"line":85,"column":3}}]},"8":{"type":"branch","line":85,"loc":{"start":{"line":85,"column":2},"end":{"line":103,"column":1}},"locations":[{"start":{"line":85,"column":2},"end":{"line":103,"column":1}}]},"9":{"type":"branch","line":84,"loc":{"start":{"line":84,"column":11},"end":{"line":84,"column":20}},"locations":[{"start":{"line":84,"column":11},"end":{"line":84,"column":20}}]},"10":{"type":"branch","line":88,"loc":{"start":{"line":88,"column":18},"end":{"line":94,"column":4}},"locations":[{"start":{"line":88,"column":18},"end":{"line":94,"column":4}}]},"11":{"type":"branch","line":89,"loc":{"start":{"line":89,"column":19},"end":{"line":93,"column":5}},"locations":[{"start":{"line":89,"column":19},"end":{"line":93,"column":5}}]},"12":{"type":"branch","line":102,"loc":{"start":{"line":102,"column":9},"end":{"line":102,"column":65}},"locations":[{"start":{"line":102,"column":9},"end":{"line":102,"column":65}}]}},"b":{"0":[9],"1":[5],"2":[1],"3":[4],"4":[4],"5":[2],"6":[5],"7":[2],"8":[3],"9":[2],"10":[2],"11":[1],"12":[2]},"fnMap":{"0":{"name":"loadSettings","decl":{"start":{"line":10,"column":0},"end":{"line":40,"column":1}},"loc":{"start":{"line":10,"column":0},"end":{"line":40,"column":1}},"line":10},"1":{"name":"saveSettings","decl":{"start":{"line":42,"column":0},"end":{"line":49,"column":1}},"loc":{"start":{"line":42,"column":0},"end":{"line":49,"column":1}},"line":42},"2":{"name":"updateSetting","decl":{"start":{"line":51,"column":0},"end":{"line":59,"column":1}},"loc":{"start":{"line":51,"column":0},"end":{"line":59,"column":1}},"line":51},"3":{"name":"applyTheme","decl":{"start":{"line":61,"column":7},"end":{"line":79,"column":1}},"loc":{"start":{"line":61,"column":7},"end":{"line":79,"column":1}},"line":61},"4":{"name":"setupThemeListener","decl":{"start":{"line":81,"column":7},"end":{"line":103,"column":1}},"loc":{"start":{"line":81,"column":7},"end":{"line":103,"column":1}},"line":81},"5":{"name":"handler","decl":{"start":{"line":88,"column":18},"end":{"line":94,"column":4}},"loc":{"start":{"line":88,"column":18},"end":{"line":94,"column":4}},"line":88}},"f":{"0":0,"1":0,"2":0,"3":9,"4":5,"5":2}}
}
